pa-database/Face/PA.F.1/1_00002_m_01_01_p_1.mp4 NTNU_00002 PA.F.1
pa-database/Face/PA.F.1/1_00003_m_01_01_p_1.mp4 NTNU_00003 PA.F.1
pa-database/Face/PA.F.1/1_00007_f_01_01_p_1.mp4 NTNU_00007 PA.F.1
pa-database/Face/PA.F.1/1_00008_m_01_01_p_1.mp4 NTNU_00008 PA.F.1
pa-database/Face/PA.F.1/1_00014_m_01_01_p_1.mp4 NTNU_00014 PA.F.1
pa-database/Face/PA.F.1/1_00015_m_01_01_p_1.mp4 NTNU_00015 PA.F.1
pa-database/Face/PA.F.1/1_00016_m_01_01_p_1.mp4 NTNU_00016 PA.F.1
pa-database/Face/PA.F.1/1_00017_f_01_01_p_1.mp4 NTNU_00017 PA.F.1
pa-database/Face/PA.F.1/1_00018_f_01_01_p_1.mp4 NTNU_00018 PA.F.1
pa-database/Face/PA.F.1/1_00020_m_01_01_p_1.mp4 NTNU_00020 PA.F.1
pa-database/Face/PA.F.1/1_00023_m_01_01_p_1.mp4 NTNU_00023 PA.F.1
pa-database/Face/PA.F.1/1_00025_m_01_01_p_1.mp4 NTNU_00025 PA.F.1
pa-database/Face/PA.F.1/1_00027_m_01_01_p_1.mp4 NTNU_00027 PA.F.1
pa-database/Face/PA.F.1/1_00028_m_01_01_p_1.mp4 NTNU_00028 PA.F.1
pa-database/Face/PA.F.1/1_00029_m_01_01_p_1.mp4 NTNU_00029 PA.F.1
pa-database/Face/PA.F.1/1_00031_m_01_01_p_1.mp4 NTNU_00031 PA.F.1
pa-database/Face/PA.F.1/1_00033_f_01_01_p_1.mp4 NTNU_00033 PA.F.1
pa-database/Face/PA.F.1/1_00034_m_01_01_p_1.mp4 NTNU_00034 PA.F.1
pa-database/Face/PA.F.1/1_00036_f_01_01_p_1.mp4 NTNU_00036 PA.F.1
pa-database/Face/PA.F.1/1_00038_f_01_01_p_1.mp4 NTNU_00038 PA.F.1
pa-database/Face/PA.F.1/1_00039_m_01_01_p_1.mp4 NTNU_00039 PA.F.1
pa-database/Face/PA.F.1/1_00041_m_01_01_p_1.mp4 NTNU_00041 PA.F.1
pa-database/Face/PA.F.1/1_00044_m_01_01_p_1.mp4 NTNU_00044 PA.F.1
pa-database/Face/PA.F.1/1_00045_m_01_01_p_1.mp4 NTNU_00045 PA.F.1
pa-database/Face/PA.F.1/1_00046_m_01_01_p_1.mp4 NTNU_00046 PA.F.1
pa-database/Face/PA.F.1/1_00047_m_01_01_p_1.mp4 NTNU_00047 PA.F.1
pa-database/Face/PA.F.1/1_00052_f_01_01_p_1.mp4 NTNU_00052 PA.F.1
pa-database/Face/PA.F.1/1_00054_m_01_01_p_1.mp4 NTNU_00054 PA.F.1
pa-database/Face/PA.F.1/3_00001_f_01_01_p_1.mp4 MPH-FRA_00001 PA.F.1
pa-database/Face/PA.F.1/3_00002_m_01_01_p_1.mp4 MPH-FRA_00002 PA.F.1
pa-database/Face/PA.F.1/3_00005_m_01_01_p_1.mp4 MPH-FRA_00005 PA.F.1
pa-database/Face/PA.F.1/3_00006_m_01_01_p_1.mp4 MPH-FRA_00006 PA.F.1
pa-database/Face/PA.F.1/4_00004_f_01_01_p_1.mp4 IDIAP_00004 PA.F.1
pa-database/Face/PA.F.1/4_00006_m_01_01_p_1.mp4 IDIAP_00006 PA.F.1
pa-database/Face/PA.F.1/4_00010_m_01_01_p_1.mp4 IDIAP_00010 PA.F.1
pa-database/Face/PA.F.1/4_00013_m_01_01_p_1.mp4 IDIAP_00013 PA.F.1
pa-database/Face/PA.F.1/4_00014_f_01_01_p_1.mp4 IDIAP_00014 PA.F.1
pa-database/Face/PA.F.1/4_00015_f_01_01_p_1.mp4 IDIAP_00015 PA.F.1
pa-database/Face/PA.F.1/4_00017_m_01_01_p_1.mp4 IDIAP_00017 PA.F.1
pa-database/Face/PA.F.1/4_00021_f_01_01_p_1.mp4 IDIAP_00021 PA.F.1
pa-database/Face/PA.F.1/4_00024_m_01_01_p_1.mp4 IDIAP_00024 PA.F.1
pa-database/Face/PA.F.1/4_00025_m_01_01_p_1.mp4 IDIAP_00025 PA.F.1
pa-database/Face/PA.F.1/4_00028_m_01_01_p_1.mp4 IDIAP_00028 PA.F.1
pa-database/Face/PA.F.1/4_00029_m_01_01_p_1.mp4 IDIAP_00029 PA.F.1
pa-database/Face/PA.F.1/4_00030_m_01_01_p_1.mp4 IDIAP_00030 PA.F.1
pa-database/Face/PA.F.1/4_00031_m_01_01_p_1.mp4 IDIAP_00031 PA.F.1
pa-database/Face/PA.F.1/4_00038_f_01_01_p_1.mp4 IDIAP_00038 PA.F.1
pa-database/Face/PA.F.1/4_00039_m_01_01_p_1.mp4 IDIAP_00039 PA.F.1
pa-database/Face/PA.F.1/4_00043_f_01_01_p_1.mp4 IDIAP_00043 PA.F.1
pa-database/Face/PA.F.1/4_00046_f_01_01_p_1.mp4 IDIAP_00046 PA.F.1
pa-database/Face/PA.F.1/4_00047_m_01_01_p_1.mp4 IDIAP_00047 PA.F.1
pa-database/Face/PA.F.1/4_00048_m_01_01_p_1.mp4 IDIAP_00048 PA.F.1
pa-database/Face/PA.F.1/4_00052_f_01_01_p_1.mp4 IDIAP_00052 PA.F.1
pa-database/Face/PA.F.1/4_00054_f_01_01_p_1.mp4 IDIAP_00054 PA.F.1
pa-database/Face/PA.F.1/4_00059_m_01_01_p_1.mp4 IDIAP_00059 PA.F.1
pa-database/Face/PA.F.1/6_00007_m_01_01_p_1.mp4 MPH-IND_00007 PA.F.1
pa-database/Face/PA.F.1/6_00008_m_01_01_p_1.mp4 MPH-IND_00008 PA.F.1
pa-database/Face/PA.F.1/6_00010_m_01_01_p_1.mp4 MPH-IND_00010 PA.F.1
pa-database/Face/PA.F.1/6_00012_f_01_01_p_1.mp4 MPH-IND_00012 PA.F.1
pa-database/Face/PA.F.1/6_00015_f_01_01_p_1.mp4 MPH-IND_00015 PA.F.1
pa-database/Face/PA.F.1/6_00017_m_01_01_p_1.mp4 MPH-IND_00017 PA.F.1
pa-database/Face/PA.F.1/6_00018_f_01_01_p_1.mp4 MPH-IND_00018 PA.F.1
pa-database/Face/PA.F.1/6_00023_f_01_01_p_1.mp4 MPH-IND_00023 PA.F.1
pa-database/Face/PA.F.1/6_00025_f_01_01_p_1.mp4 MPH-IND_00025 PA.F.1
pa-database/Face/PA.F.1/6_00026_m_01_01_p_1.mp4 MPH-IND_00026 PA.F.1
pa-database/Face/PA.F.1/6_00028_m_01_01_p_1.mp4 MPH-IND_00028 PA.F.1
pa-database/Face/PA.F.1/6_00030_m_01_01_p_1.mp4 MPH-IND_00030 PA.F.1
pa-database/Face/PA.F.1/6_00031_m_01_01_p_1.mp4 MPH-IND_00031 PA.F.1
pa-database/Face/PA.F.1/6_00032_f_01_01_p_1.mp4 MPH-IND_00032 PA.F.1
pa-database/Face/PA.F.1/6_00036_m_01_01_p_1.mp4 MPH-IND_00036 PA.F.1
pa-database/Face/PA.F.1/6_00040_m_01_01_p_1.mp4 MPH-IND_00040 PA.F.1
pa-database/Face/PA.F.1/6_00041_m_01_01_p_1.mp4 MPH-IND_00041 PA.F.1
pa-database/Face/PA.F.1/6_00044_m_01_01_p_1.mp4 MPH-IND_00044 PA.F.1
pa-database/Face/PA.F.1/6_00050_f_01_01_p_1.mp4 MPH-IND_00050 PA.F.1
pa-database/Face/PA.F.1/6_00055_m_01_01_p_1.mp4 MPH-IND_00055 PA.F.1