pa-database/Face/PA.F.1/1_00001_m_01_01_p_1.mp4 NTNU_00001 PA.F.1
pa-database/Face/PA.F.1/1_00003_m_01_01_p_1.mp4 NTNU_00003 PA.F.1
pa-database/Face/PA.F.1/1_00007_f_01_01_p_1.mp4 NTNU_00007 PA.F.1
pa-database/Face/PA.F.1/1_00008_m_01_01_p_1.mp4 NTNU_00008 PA.F.1
pa-database/Face/PA.F.1/1_00010_m_01_01_p_1.mp4 NTNU_00010 PA.F.1
pa-database/Face/PA.F.1/1_00012_m_01_01_p_1.mp4 NTNU_00012 PA.F.1
pa-database/Face/PA.F.1/1_00013_m_01_01_p_1.mp4 NTNU_00013 PA.F.1
pa-database/Face/PA.F.1/1_00014_m_01_01_p_1.mp4 NTNU_00014 PA.F.1
pa-database/Face/PA.F.1/1_00015_m_01_01_p_1.mp4 NTNU_00015 PA.F.1
pa-database/Face/PA.F.1/1_00018_f_01_01_p_1.mp4 NTNU_00018 PA.F.1
pa-database/Face/PA.F.1/1_00020_m_01_01_p_1.mp4 NTNU_00020 PA.F.1
pa-database/Face/PA.F.1/1_00032_m_01_01_p_1.mp4 NTNU_00032 PA.F.1
pa-database/Face/PA.F.1/1_00037_f_01_01_p_1.mp4 NTNU_00037 PA.F.1
pa-database/Face/PA.F.1/1_00038_f_01_01_p_1.mp4 NTNU_00038 PA.F.1
pa-database/Face/PA.F.1/1_00039_m_01_01_p_1.mp4 NTNU_00039 PA.F.1
pa-database/Face/PA.F.1/1_00041_m_01_01_p_1.mp4 NTNU_00041 PA.F.1
pa-database/Face/PA.F.1/1_00042_f_01_01_p_1.mp4 NTNU_00042 PA.F.1
pa-database/Face/PA.F.1/1_00045_m_01_01_p_1.mp4 NTNU_00045 PA.F.1
pa-database/Face/PA.F.1/1_00054_m_01_01_p_1.mp4 NTNU_00054 PA.F.1
pa-database/Face/PA.F.1/3_00001_f_01_01_p_1.mp4 MPH-FRA_00001 PA.F.1
pa-database/Face/PA.F.1/3_00003_f_01_01_p_1.mp4 MPH-FRA_00003 PA.F.1
pa-database/Face/PA.F.1/3_00006_m_01_01_p_1.mp4 MPH-FRA_00006 PA.F.1
pa-database/Face/PA.F.1/3_00007_m_01_01_p_1.mp4 MPH-FRA_00007 PA.F.1
pa-database/Face/PA.F.1/4_00001_m_01_01_p_1.mp4 IDIAP_00001 PA.F.1
pa-database/Face/PA.F.1/4_00004_f_01_01_p_1.mp4 IDIAP_00004 PA.F.1
pa-database/Face/PA.F.1/4_00005_m_01_01_p_1.mp4 IDIAP_00005 PA.F.1
pa-database/Face/PA.F.1/4_00010_m_01_01_p_1.mp4 IDIAP_00010 PA.F.1
pa-database/Face/PA.F.1/4_00011_m_01_01_p_1.mp4 IDIAP_00011 PA.F.1
pa-database/Face/PA.F.1/4_00012_m_01_01_p_1.mp4 IDIAP_00012 PA.F.1
pa-database/Face/PA.F.1/4_00014_f_01_01_p_1.mp4 IDIAP_00014 PA.F.1
pa-database/Face/PA.F.1/4_00016_m_01_01_p_1.mp4 IDIAP_00016 PA.F.1
pa-database/Face/PA.F.1/4_00017_m_01_01_p_1.mp4 IDIAP_00017 PA.F.1
pa-database/Face/PA.F.1/4_00018_f_01_01_p_1.mp4 IDIAP_00018 PA.F.1
pa-database/Face/PA.F.1/4_00020_m_01_01_p_1.mp4 IDIAP_00020 PA.F.1
pa-database/Face/PA.F.1/4_00022_f_01_01_p_1.mp4 IDIAP_00022 PA.F.1
pa-database/Face/PA.F.1/4_00024_m_01_01_p_1.mp4 IDIAP_00024 PA.F.1
pa-database/Face/PA.F.1/4_00026_m_01_01_p_1.mp4 IDIAP_00026 PA.F.1
pa-database/Face/PA.F.1/4_00027_m_01_01_p_1.mp4 IDIAP_00027 PA.F.1
pa-database/Face/PA.F.1/4_00030_m_01_01_p_1.mp4 IDIAP_00030 PA.F.1
pa-database/Face/PA.F.1/4_00032_m_01_01_p_1.mp4 IDIAP_00032 PA.F.1
pa-database/Face/PA.F.1/4_00034_m_01_01_p_1.mp4 IDIAP_00034 PA.F.1
pa-database/Face/PA.F.1/4_00035_m_01_01_p_1.mp4 IDIAP_00035 PA.F.1
pa-database/Face/PA.F.1/4_00036_f_01_01_p_1.mp4 IDIAP_00036 PA.F.1
pa-database/Face/PA.F.1/4_00040_m_01_01_p_1.mp4 IDIAP_00040 PA.F.1
pa-database/Face/PA.F.1/4_00041_m_01_01_p_1.mp4 IDIAP_00041 PA.F.1
pa-database/Face/PA.F.1/4_00042_f_01_01_p_1.mp4 IDIAP_00042 PA.F.1
pa-database/Face/PA.F.1/4_00043_f_01_01_p_1.mp4 IDIAP_00043 PA.F.1
pa-database/Face/PA.F.1/4_00046_f_01_01_p_1.mp4 IDIAP_00046 PA.F.1
pa-database/Face/PA.F.1/4_00051_f_01_01_p_1.mp4 IDIAP_00051 PA.F.1
pa-database/Face/PA.F.1/4_00052_f_01_01_p_1.mp4 IDIAP_00052 PA.F.1
pa-database/Face/PA.F.1/4_00055_m_01_01_p_1.mp4 IDIAP_00055 PA.F.1
pa-database/Face/PA.F.1/4_00058_f_01_01_p_1.mp4 IDIAP_00058 PA.F.1
pa-database/Face/PA.F.1/4_00059_m_01_01_p_1.mp4 IDIAP_00059 PA.F.1
pa-database/Face/PA.F.1/6_00001_m_01_01_p_1.mp4 MPH-IND_00001 PA.F.1
pa-database/Face/PA.F.1/6_00004_f_01_01_p_1.mp4 MPH-IND_00004 PA.F.1
pa-database/Face/PA.F.1/6_00009_f_01_01_p_1.mp4 MPH-IND_00009 PA.F.1
pa-database/Face/PA.F.1/6_00010_m_01_01_p_1.mp4 MPH-IND_00010 PA.F.1
pa-database/Face/PA.F.1/6_00011_m_01_01_p_1.mp4 MPH-IND_00011 PA.F.1
pa-database/Face/PA.F.1/6_00012_f_01_01_p_1.mp4 MPH-IND_00012 PA.F.1
pa-database/Face/PA.F.1/6_00014_m_01_01_p_1.mp4 MPH-IND_00014 PA.F.1
pa-database/Face/PA.F.1/6_00018_f_01_01_p_1.mp4 MPH-IND_00018 PA.F.1
pa-database/Face/PA.F.1/6_00024_m_01_01_p_1.mp4 MPH-IND_00024 PA.F.1
pa-database/Face/PA.F.1/6_00025_f_01_01_p_1.mp4 MPH-IND_00025 PA.F.1
pa-database/Face/PA.F.1/6_00028_m_01_01_p_1.mp4 MPH-IND_00028 PA.F.1
pa-database/Face/PA.F.1/6_00030_m_01_01_p_1.mp4 MPH-IND_00030 PA.F.1
pa-database/Face/PA.F.1/6_00032_f_01_01_p_1.mp4 MPH-IND_00032 PA.F.1
pa-database/Face/PA.F.1/6_00034_f_01_01_p_1.mp4 MPH-IND_00034 PA.F.1
pa-database/Face/PA.F.1/6_00036_m_01_01_p_1.mp4 MPH-IND_00036 PA.F.1
pa-database/Face/PA.F.1/6_00039_f_01_01_p_1.mp4 MPH-IND_00039 PA.F.1
pa-database/Face/PA.F.1/6_00041_m_01_01_p_1.mp4 MPH-IND_00041 PA.F.1
pa-database/Face/PA.F.1/6_00044_m_01_01_p_1.mp4 MPH-IND_00044 PA.F.1
pa-database/Face/PA.F.1/6_00047_m_01_01_p_1.mp4 MPH-IND_00047 PA.F.1
pa-database/Face/PA.F.1/6_00050_f_01_01_p_1.mp4 MPH-IND_00050 PA.F.1
pa-database/Face/PA.F.1/6_00051_m_01_01_p_1.mp4 MPH-IND_00051 PA.F.1
pa-database/Face/PA.F.1/6_00055_m_01_01_p_1.mp4 MPH-IND_00055 PA.F.1