pa-database/Face/PA.F.1/1_1_00001_m_01_01_p_1.mp4 NTNU_00001 PA.F.1
pa-database/Face/PA.F.1/1_1_00002_m_01_01_p_1.mp4 NTNU_00002 PA.F.1
pa-database/Face/PA.F.1/1_1_00003_m_01_01_p_1.mp4 NTNU_00003 PA.F.1
pa-database/Face/PA.F.1/1_1_00006_m_01_01_p_1.mp4 NTNU_00006 PA.F.1
pa-database/Face/PA.F.1/1_1_00011_m_01_01_p_1.mp4 NTNU_00011 PA.F.1
pa-database/Face/PA.F.1/1_1_00012_m_01_01_p_1.mp4 NTNU_00012 PA.F.1
pa-database/Face/PA.F.1/1_1_00013_m_01_01_p_1.mp4 NTNU_00013 PA.F.1
pa-database/Face/PA.F.1/1_1_00014_m_01_01_p_1.mp4 NTNU_00014 PA.F.1
pa-database/Face/PA.F.1/1_1_00015_m_01_01_p_1.mp4 NTNU_00015 PA.F.1
pa-database/Face/PA.F.1/1_1_00019_m_01_01_p_1.mp4 NTNU_00019 PA.F.1
pa-database/Face/PA.F.1/1_1_00020_m_01_01_p_1.mp4 NTNU_00020 PA.F.1
pa-database/Face/PA.F.1/1_1_00021_m_01_01_p_1.mp4 NTNU_00021 PA.F.1
pa-database/Face/PA.F.1/1_1_00024_m_01_01_p_1.mp4 NTNU_00024 PA.F.1
pa-database/Face/PA.F.1/1_1_00025_m_01_01_p_1.mp4 NTNU_00025 PA.F.1
pa-database/Face/PA.F.1/1_1_00028_m_01_01_p_1.mp4 NTNU_00028 PA.F.1
pa-database/Face/PA.F.1/1_1_00030_m_01_01_p_1.mp4 NTNU_00030 PA.F.1
pa-database/Face/PA.F.1/1_1_00031_m_01_01_p_1.mp4 NTNU_00031 PA.F.1
pa-database/Face/PA.F.1/1_1_00032_m_01_01_p_1.mp4 NTNU_00032 PA.F.1
pa-database/Face/PA.F.1/1_1_00038_f_01_01_p_1.mp4 NTNU_00038 PA.F.1
pa-database/Face/PA.F.1/1_1_00039_m_01_01_p_1.mp4 NTNU_00039 PA.F.1
pa-database/Face/PA.F.1/1_1_00043_f_01_01_p_1.mp4 NTNU_00043 PA.F.1
pa-database/Face/PA.F.1/1_1_00045_m_01_01_p_1.mp4 NTNU_00045 PA.F.1
pa-database/Face/PA.F.1/1_1_00051_m_01_01_p_1.mp4 NTNU_00051 PA.F.1
pa-database/Face/PA.F.1/1_1_00052_f_01_01_p_1.mp4 NTNU_00052 PA.F.1
pa-database/Face/PA.F.1/1_1_00053_m_01_01_p_1.mp4 NTNU_00053 PA.F.1
pa-database/Face/PA.F.1/1_3_00005_m_01_01_p_1.mp4 MPH-FRA_00005 PA.F.1
pa-database/Face/PA.F.1/1_4_00001_m_01_01_p_1.mp4 IDIAP_00001 PA.F.1
pa-database/Face/PA.F.1/1_4_00003_m_01_01_p_1.mp4 IDIAP_00003 PA.F.1
pa-database/Face/PA.F.1/1_4_00005_m_01_01_p_1.mp4 IDIAP_00005 PA.F.1
pa-database/Face/PA.F.1/1_4_00010_m_01_01_p_1.mp4 IDIAP_00010 PA.F.1
pa-database/Face/PA.F.1/1_4_00011_m_01_01_p_1.mp4 IDIAP_00011 PA.F.1
pa-database/Face/PA.F.1/1_4_00014_f_01_01_p_1.mp4 IDIAP_00014 PA.F.1
pa-database/Face/PA.F.1/1_4_00015_f_01_01_p_1.mp4 IDIAP_00015 PA.F.1
pa-database/Face/PA.F.1/1_4_00020_m_01_01_p_1.mp4 IDIAP_00020 PA.F.1
pa-database/Face/PA.F.1/1_4_00026_m_01_01_p_1.mp4 IDIAP_00026 PA.F.1
pa-database/Face/PA.F.1/1_4_00029_m_01_01_p_1.mp4 IDIAP_00029 PA.F.1
pa-database/Face/PA.F.1/1_4_00034_m_01_01_p_1.mp4 IDIAP_00034 PA.F.1
pa-database/Face/PA.F.1/1_4_00036_f_01_01_p_1.mp4 IDIAP_00036 PA.F.1
pa-database/Face/PA.F.1/1_4_00040_m_01_01_p_1.mp4 IDIAP_00040 PA.F.1
pa-database/Face/PA.F.1/1_4_00041_m_01_01_p_1.mp4 IDIAP_00041 PA.F.1
pa-database/Face/PA.F.1/1_4_00042_f_01_01_p_1.mp4 IDIAP_00042 PA.F.1
pa-database/Face/PA.F.1/1_4_00043_f_01_01_p_1.mp4 IDIAP_00043 PA.F.1
pa-database/Face/PA.F.1/1_4_00047_m_01_01_p_1.mp4 IDIAP_00047 PA.F.1
pa-database/Face/PA.F.1/1_4_00048_m_01_01_p_1.mp4 IDIAP_00048 PA.F.1
pa-database/Face/PA.F.1/1_4_00050_f_01_01_p_1.mp4 IDIAP_00050 PA.F.1
pa-database/Face/PA.F.1/1_4_00051_f_01_01_p_1.mp4 IDIAP_00051 PA.F.1
pa-database/Face/PA.F.1/1_4_00052_f_01_01_p_1.mp4 IDIAP_00052 PA.F.1
pa-database/Face/PA.F.1/1_4_00058_f_01_01_p_1.mp4 IDIAP_00058 PA.F.1
pa-database/Face/PA.F.1/1_4_00059_m_01_01_p_1.mp4 IDIAP_00059 PA.F.1
pa-database/Face/PA.F.1/1_4_00060_f_01_01_p_1.mp4 IDIAP_00060 PA.F.1
pa-database/Face/PA.F.1/1_6_00001_m_01_01_p_1.mp4 MPH-IND_00001 PA.F.1
pa-database/Face/PA.F.1/1_6_00005_m_01_01_p_1.mp4 MPH-IND_00005 PA.F.1
pa-database/Face/PA.F.1/1_6_00006_f_01_01_p_1.mp4 MPH-IND_00006 PA.F.1
pa-database/Face/PA.F.1/1_6_00007_m_01_01_p_1.mp4 MPH-IND_00007 PA.F.1
pa-database/Face/PA.F.1/1_6_00008_m_01_01_p_1.mp4 MPH-IND_00008 PA.F.1
pa-database/Face/PA.F.1/1_6_00015_f_01_01_p_1.mp4 MPH-IND_00015 PA.F.1
pa-database/Face/PA.F.1/1_6_00016_m_01_01_p_1.mp4 MPH-IND_00016 PA.F.1
pa-database/Face/PA.F.1/1_6_00017_m_01_01_p_1.mp4 MPH-IND_00017 PA.F.1
pa-database/Face/PA.F.1/1_6_00018_f_01_01_p_1.mp4 MPH-IND_00018 PA.F.1
pa-database/Face/PA.F.1/1_6_00020_m_01_01_p_1.mp4 MPH-IND_00020 PA.F.1
pa-database/Face/PA.F.1/1_6_00023_f_01_01_p_1.mp4 MPH-IND_00023 PA.F.1
pa-database/Face/PA.F.1/1_6_00025_f_01_01_p_1.mp4 MPH-IND_00025 PA.F.1
pa-database/Face/PA.F.1/1_6_00034_f_01_01_p_1.mp4 MPH-IND_00034 PA.F.1
pa-database/Face/PA.F.1/1_6_00036_m_01_01_p_1.mp4 MPH-IND_00036 PA.F.1
pa-database/Face/PA.F.1/1_6_00037_f_01_01_p_1.mp4 MPH-IND_00037 PA.F.1
pa-database/Face/PA.F.1/1_6_00038_f_01_01_p_1.mp4 MPH-IND_00038 PA.F.1
pa-database/Face/PA.F.1/1_6_00039_f_01_01_p_1.mp4 MPH-IND_00039 PA.F.1
pa-database/Face/PA.F.1/1_6_00040_m_01_01_p_1.mp4 MPH-IND_00040 PA.F.1
pa-database/Face/PA.F.1/1_6_00043_m_01_01_p_1.mp4 MPH-IND_00043 PA.F.1
pa-database/Face/PA.F.1/1_6_00045_f_01_01_p_1.mp4 MPH-IND_00045 PA.F.1
pa-database/Face/PA.F.1/1_6_00046_m_01_01_p_1.mp4 MPH-IND_00046 PA.F.1
pa-database/Face/PA.F.1/1_6_00048_m_01_01_p_1.mp4 MPH-IND_00048 PA.F.1
pa-database/Face/PA.F.1/1_6_00049_m_01_01_p_1.mp4 MPH-IND_00049 PA.F.1
pa-database/Face/PA.F.1/1_6_00050_f_01_01_p_1.mp4 MPH-IND_00050 PA.F.1
pa-database/Face/PA.F.1/1_6_00051_m_01_01_p_1.mp4 MPH-IND_00051 PA.F.1
pa-database/Face/PA.F.1/1_6_00055_m_01_01_p_1.mp4 MPH-IND_00055 PA.F.1