pa-database/Face/PA.F.1/1_00001_m_01_01_p_1.mp4 NTNU_00001 PA.F.1
pa-database/Face/PA.F.1/1_00002_m_01_01_p_1.mp4 NTNU_00002 PA.F.1
pa-database/Face/PA.F.1/1_00006_m_01_01_p_1.mp4 NTNU_00006 PA.F.1
pa-database/Face/PA.F.1/1_00007_f_01_01_p_1.mp4 NTNU_00007 PA.F.1
pa-database/Face/PA.F.1/1_00010_m_01_01_p_1.mp4 NTNU_00010 PA.F.1
pa-database/Face/PA.F.1/1_00011_m_01_01_p_1.mp4 NTNU_00011 PA.F.1
pa-database/Face/PA.F.1/1_00012_m_01_01_p_1.mp4 NTNU_00012 PA.F.1
pa-database/Face/PA.F.1/1_00013_m_01_01_p_1.mp4 NTNU_00013 PA.F.1
pa-database/Face/PA.F.1/1_00014_m_01_01_p_1.mp4 NTNU_00014 PA.F.1
pa-database/Face/PA.F.1/1_00015_m_01_01_p_1.mp4 NTNU_00015 PA.F.1
pa-database/Face/PA.F.1/1_00016_m_01_01_p_1.mp4 NTNU_00016 PA.F.1
pa-database/Face/PA.F.1/1_00017_f_01_01_p_1.mp4 NTNU_00017 PA.F.1
pa-database/Face/PA.F.1/1_00018_f_01_01_p_1.mp4 NTNU_00018 PA.F.1
pa-database/Face/PA.F.1/1_00021_m_01_01_p_1.mp4 NTNU_00021 PA.F.1
pa-database/Face/PA.F.1/1_00025_m_01_01_p_1.mp4 NTNU_00025 PA.F.1
pa-database/Face/PA.F.1/1_00028_m_01_01_p_1.mp4 NTNU_00028 PA.F.1
pa-database/Face/PA.F.1/1_00030_m_01_01_p_1.mp4 NTNU_00030 PA.F.1
pa-database/Face/PA.F.1/1_00032_m_01_01_p_1.mp4 NTNU_00032 PA.F.1
pa-database/Face/PA.F.1/1_00033_f_01_01_p_1.mp4 NTNU_00033 PA.F.1
pa-database/Face/PA.F.1/1_00038_f_01_01_p_1.mp4 NTNU_00038 PA.F.1
pa-database/Face/PA.F.1/1_00042_f_01_01_p_1.mp4 NTNU_00042 PA.F.1
pa-database/Face/PA.F.1/1_00044_m_01_01_p_1.mp4 NTNU_00044 PA.F.1
pa-database/Face/PA.F.1/1_00045_m_01_01_p_1.mp4 NTNU_00045 PA.F.1
pa-database/Face/PA.F.1/1_00051_m_01_01_p_1.mp4 NTNU_00051 PA.F.1
pa-database/Face/PA.F.1/1_00053_m_01_01_p_1.mp4 NTNU_00053 PA.F.1
pa-database/Face/PA.F.1/3_00001_f_01_01_p_1.mp4 MPH-FRA_00001 PA.F.1
pa-database/Face/PA.F.1/3_00002_m_01_01_p_1.mp4 MPH-FRA_00002 PA.F.1
pa-database/Face/PA.F.1/3_00003_f_01_01_p_1.mp4 MPH-FRA_00003 PA.F.1
pa-database/Face/PA.F.1/3_00005_m_01_01_p_1.mp4 MPH-FRA_00005 PA.F.1
pa-database/Face/PA.F.1/3_00007_m_01_01_p_1.mp4 MPH-FRA_00007 PA.F.1
pa-database/Face/PA.F.1/4_00001_m_01_01_p_1.mp4 IDIAP_00001 PA.F.1
pa-database/Face/PA.F.1/4_00005_m_01_01_p_1.mp4 IDIAP_00005 PA.F.1
pa-database/Face/PA.F.1/4_00006_m_01_01_p_1.mp4 IDIAP_00006 PA.F.1
pa-database/Face/PA.F.1/4_00011_m_01_01_p_1.mp4 IDIAP_00011 PA.F.1
pa-database/Face/PA.F.1/4_00013_m_01_01_p_1.mp4 IDIAP_00013 PA.F.1
pa-database/Face/PA.F.1/4_00015_f_01_01_p_1.mp4 IDIAP_00015 PA.F.1
pa-database/Face/PA.F.1/4_00017_m_01_01_p_1.mp4 IDIAP_00017 PA.F.1
pa-database/Face/PA.F.1/4_00018_f_01_01_p_1.mp4 IDIAP_00018 PA.F.1
pa-database/Face/PA.F.1/4_00020_m_01_01_p_1.mp4 IDIAP_00020 PA.F.1
pa-database/Face/PA.F.1/4_00022_f_01_01_p_1.mp4 IDIAP_00022 PA.F.1
pa-database/Face/PA.F.1/4_00024_m_01_01_p_1.mp4 IDIAP_00024 PA.F.1
pa-database/Face/PA.F.1/4_00027_m_01_01_p_1.mp4 IDIAP_00027 PA.F.1
pa-database/Face/PA.F.1/4_00028_m_01_01_p_1.mp4 IDIAP_00028 PA.F.1
pa-database/Face/PA.F.1/4_00030_m_01_01_p_1.mp4 IDIAP_00030 PA.F.1
pa-database/Face/PA.F.1/4_00034_m_01_01_p_1.mp4 IDIAP_00034 PA.F.1
pa-database/Face/PA.F.1/4_00035_m_01_01_p_1.mp4 IDIAP_00035 PA.F.1
pa-database/Face/PA.F.1/4_00036_f_01_01_p_1.mp4 IDIAP_00036 PA.F.1
pa-database/Face/PA.F.1/4_00038_f_01_01_p_1.mp4 IDIAP_00038 PA.F.1
pa-database/Face/PA.F.1/4_00040_m_01_01_p_1.mp4 IDIAP_00040 PA.F.1
pa-database/Face/PA.F.1/4_00042_f_01_01_p_1.mp4 IDIAP_00042 PA.F.1
pa-database/Face/PA.F.1/4_00043_f_01_01_p_1.mp4 IDIAP_00043 PA.F.1
pa-database/Face/PA.F.1/4_00050_f_01_01_p_1.mp4 IDIAP_00050 PA.F.1
pa-database/Face/PA.F.1/4_00052_f_01_01_p_1.mp4 IDIAP_00052 PA.F.1
pa-database/Face/PA.F.1/4_00054_f_01_01_p_1.mp4 IDIAP_00054 PA.F.1
pa-database/Face/PA.F.1/4_00058_f_01_01_p_1.mp4 IDIAP_00058 PA.F.1
pa-database/Face/PA.F.1/6_00002_m_01_01_p_1.mp4 MPH-IND_00002 PA.F.1
pa-database/Face/PA.F.1/6_00005_m_01_01_p_1.mp4 MPH-IND_00005 PA.F.1
pa-database/Face/PA.F.1/6_00006_f_01_01_p_1.mp4 MPH-IND_00006 PA.F.1
pa-database/Face/PA.F.1/6_00009_f_01_01_p_1.mp4 MPH-IND_00009 PA.F.1
pa-database/Face/PA.F.1/6_00012_f_01_01_p_1.mp4 MPH-IND_00012 PA.F.1
pa-database/Face/PA.F.1/6_00015_f_01_01_p_1.mp4 MPH-IND_00015 PA.F.1
pa-database/Face/PA.F.1/6_00020_m_01_01_p_1.mp4 MPH-IND_00020 PA.F.1
pa-database/Face/PA.F.1/6_00023_f_01_01_p_1.mp4 MPH-IND_00023 PA.F.1
pa-database/Face/PA.F.1/6_00026_m_01_01_p_1.mp4 MPH-IND_00026 PA.F.1
pa-database/Face/PA.F.1/6_00028_m_01_01_p_1.mp4 MPH-IND_00028 PA.F.1
pa-database/Face/PA.F.1/6_00031_m_01_01_p_1.mp4 MPH-IND_00031 PA.F.1
pa-database/Face/PA.F.1/6_00034_f_01_01_p_1.mp4 MPH-IND_00034 PA.F.1
pa-database/Face/PA.F.1/6_00037_f_01_01_p_1.mp4 MPH-IND_00037 PA.F.1
pa-database/Face/PA.F.1/6_00039_f_01_01_p_1.mp4 MPH-IND_00039 PA.F.1
pa-database/Face/PA.F.1/6_00041_m_01_01_p_1.mp4 MPH-IND_00041 PA.F.1
pa-database/Face/PA.F.1/6_00043_m_01_01_p_1.mp4 MPH-IND_00043 PA.F.1
pa-database/Face/PA.F.1/6_00047_m_01_01_p_1.mp4 MPH-IND_00047 PA.F.1
pa-database/Face/PA.F.1/6_00048_m_01_01_p_1.mp4 MPH-IND_00048 PA.F.1
pa-database/Face/PA.F.1/6_00049_m_01_01_p_1.mp4 MPH-IND_00049 PA.F.1
pa-database/Face/PA.F.1/6_00051_m_01_01_p_1.mp4 MPH-IND_00051 PA.F.1