IDIAP/session_01/iPad/00001/4_00001_m_01_01_t_2 IDIAP_00001
IDIAP/session_01/iPad/00001/4_00001_m_01_02_t_2 IDIAP_00001
IDIAP/session_01/iPad/00001/4_00001_m_01_03_t_2 IDIAP_00001
IDIAP/session_01/iPad/00001/4_00001_m_01_04_t_2 IDIAP_00001
IDIAP/session_01/iPad/00001/4_00001_m_01_05_t_2 IDIAP_00001
IDIAP/session_01/iPad/00001/4_00001_m_01_06_t_2 IDIAP_00001
IDIAP/session_01/iPad/00001/4_00001_m_01_07_t_2 IDIAP_00001
IDIAP/session_01/iPad/00001/4_00001_m_01_08_t_2 IDIAP_00001
IDIAP/session_01/iPhone/00001/4_00001_m_01_01_p_2 IDIAP_00001
IDIAP/session_01/iPhone/00001/4_00001_m_01_02_p_2 IDIAP_00001
IDIAP/session_01/iPhone/00001/4_00001_m_01_03_p_2 IDIAP_00001
IDIAP/session_01/iPhone/00001/4_00001_m_01_04_p_2 IDIAP_00001
IDIAP/session_01/iPhone/00001/4_00001_m_01_05_p_2 IDIAP_00001
IDIAP/session_01/iPhone/00001/4_00001_m_01_06_p_2 IDIAP_00001
IDIAP/session_01/iPhone/00001/4_00001_m_01_07_p_2 IDIAP_00001
IDIAP/session_01/iPhone/00001/4_00001_m_01_08_p_2 IDIAP_00001
IDIAP/session_02/iPhone/00001/4_00001_m_02_01_p_2 IDIAP_00001
IDIAP/session_02/iPhone/00001/4_00001_m_02_02_p_2 IDIAP_00001
IDIAP/session_02/iPhone/00001/4_00001_m_02_03_p_2 IDIAP_00001
IDIAP/session_02/iPhone/00001/4_00001_m_02_04_p_2 IDIAP_00001
IDIAP/session_02/iPhone/00001/4_00001_m_02_05_p_2 IDIAP_00001
IDIAP/session_02/iPhone/00001/4_00001_m_02_06_p_2 IDIAP_00001
IDIAP/session_02/iPhone/00001/4_00001_m_02_07_p_2 IDIAP_00001
IDIAP/session_02/iPhone/00001/4_00001_m_02_08_p_2 IDIAP_00001
IDIAP/session_03/iPhone/00001/4_00001_m_03_01_p_2 IDIAP_00001
IDIAP/session_03/iPhone/00001/4_00001_m_03_02_p_2 IDIAP_00001
IDIAP/session_03/iPhone/00001/4_00001_m_03_03_p_2 IDIAP_00001
IDIAP/session_03/iPhone/00001/4_00001_m_03_04_p_2 IDIAP_00001
IDIAP/session_03/iPhone/00001/4_00001_m_03_05_p_2 IDIAP_00001
IDIAP/session_03/iPhone/00001/4_00001_m_03_06_p_2 IDIAP_00001
IDIAP/session_03/iPhone/00001/4_00001_m_03_07_p_2 IDIAP_00001
IDIAP/session_03/iPhone/00001/4_00001_m_03_08_p_2 IDIAP_00001
IDIAP/session_04/iPhone/00001/4_00001_m_04_01_p_2 IDIAP_00001
IDIAP/session_04/iPhone/00001/4_00001_m_04_02_p_2 IDIAP_00001
IDIAP/session_04/iPhone/00001/4_00001_m_04_03_p_2 IDIAP_00001
IDIAP/session_04/iPhone/00001/4_00001_m_04_04_p_2 IDIAP_00001
IDIAP/session_04/iPhone/00001/4_00001_m_04_05_p_2 IDIAP_00001
IDIAP/session_04/iPhone/00001/4_00001_m_04_06_p_2 IDIAP_00001
IDIAP/session_04/iPhone/00001/4_00001_m_04_07_p_2 IDIAP_00001
IDIAP/session_04/iPhone/00001/4_00001_m_04_08_p_2 IDIAP_00001
IDIAP/session_05/iPhone/00001/4_00001_m_05_01_p_2 IDIAP_00001
IDIAP/session_05/iPhone/00001/4_00001_m_05_02_p_2 IDIAP_00001
IDIAP/session_05/iPhone/00001/4_00001_m_05_03_p_2 IDIAP_00001
IDIAP/session_05/iPhone/00001/4_00001_m_05_04_p_2 IDIAP_00001
IDIAP/session_05/iPhone/00001/4_00001_m_05_05_p_2 IDIAP_00001
IDIAP/session_05/iPhone/00001/4_00001_m_05_06_p_2 IDIAP_00001
IDIAP/session_05/iPhone/00001/4_00001_m_05_07_p_2 IDIAP_00001
IDIAP/session_05/iPhone/00001/4_00001_m_05_08_p_2 IDIAP_00001
IDIAP/session_06/iPhone/00001/4_00001_m_06_01_p_2 IDIAP_00001
IDIAP/session_06/iPhone/00001/4_00001_m_06_02_p_2 IDIAP_00001
IDIAP/session_06/iPhone/00001/4_00001_m_06_03_p_2 IDIAP_00001
IDIAP/session_06/iPhone/00001/4_00001_m_06_04_p_2 IDIAP_00001
IDIAP/session_06/iPhone/00001/4_00001_m_06_05_p_2 IDIAP_00001
IDIAP/session_06/iPhone/00001/4_00001_m_06_06_p_2 IDIAP_00001
IDIAP/session_06/iPhone/00001/4_00001_m_06_07_p_2 IDIAP_00001
IDIAP/session_06/iPhone/00001/4_00001_m_06_08_p_2 IDIAP_00001
IDIAP/session_01/iPad/00002/4_00002_f_01_01_t_2 IDIAP_00002
IDIAP/session_01/iPad/00002/4_00002_f_01_02_t_2 IDIAP_00002
IDIAP/session_01/iPad/00002/4_00002_f_01_03_t_2 IDIAP_00002
IDIAP/session_01/iPad/00002/4_00002_f_01_04_t_2 IDIAP_00002
IDIAP/session_01/iPad/00002/4_00002_f_01_05_t_2 IDIAP_00002
IDIAP/session_01/iPad/00002/4_00002_f_01_06_t_2 IDIAP_00002
IDIAP/session_01/iPad/00002/4_00002_f_01_07_t_2 IDIAP_00002
IDIAP/session_01/iPad/00002/4_00002_f_01_08_t_2 IDIAP_00002
IDIAP/session_01/iPhone/00002/4_00002_f_01_01_p_2 IDIAP_00002
IDIAP/session_01/iPhone/00002/4_00002_f_01_02_p_2 IDIAP_00002
IDIAP/session_01/iPhone/00002/4_00002_f_01_03_p_2 IDIAP_00002
IDIAP/session_01/iPhone/00002/4_00002_f_01_04_p_2 IDIAP_00002
IDIAP/session_01/iPhone/00002/4_00002_f_01_05_p_2 IDIAP_00002
IDIAP/session_01/iPhone/00002/4_00002_f_01_06_p_2 IDIAP_00002
IDIAP/session_01/iPhone/00002/4_00002_f_01_07_p_2 IDIAP_00002
IDIAP/session_01/iPhone/00002/4_00002_f_01_08_p_2 IDIAP_00002
IDIAP/session_02/iPhone/00002/4_00002_f_02_01_p_2 IDIAP_00002
IDIAP/session_02/iPhone/00002/4_00002_f_02_02_p_2 IDIAP_00002
IDIAP/session_02/iPhone/00002/4_00002_f_02_03_p_2 IDIAP_00002
IDIAP/session_02/iPhone/00002/4_00002_f_02_04_p_2 IDIAP_00002
IDIAP/session_02/iPhone/00002/4_00002_f_02_05_p_2 IDIAP_00002
IDIAP/session_02/iPhone/00002/4_00002_f_02_06_p_2 IDIAP_00002
IDIAP/session_02/iPhone/00002/4_00002_f_02_07_p_2 IDIAP_00002
IDIAP/session_02/iPhone/00002/4_00002_f_02_08_p_2 IDIAP_00002
IDIAP/session_03/iPhone/00002/4_00002_f_03_01_p_2 IDIAP_00002
IDIAP/session_03/iPhone/00002/4_00002_f_03_02_p_2 IDIAP_00002
IDIAP/session_03/iPhone/00002/4_00002_f_03_03_p_2 IDIAP_00002
IDIAP/session_03/iPhone/00002/4_00002_f_03_04_p_2 IDIAP_00002
IDIAP/session_03/iPhone/00002/4_00002_f_03_05_p_2 IDIAP_00002
IDIAP/session_03/iPhone/00002/4_00002_f_03_06_p_2 IDIAP_00002
IDIAP/session_03/iPhone/00002/4_00002_f_03_07_p_2 IDIAP_00002
IDIAP/session_03/iPhone/00002/4_00002_f_03_08_p_2 IDIAP_00002
IDIAP/session_04/iPhone/00002/4_00002_f_04_01_p_2 IDIAP_00002
IDIAP/session_04/iPhone/00002/4_00002_f_04_02_p_2 IDIAP_00002
IDIAP/session_04/iPhone/00002/4_00002_f_04_03_p_2 IDIAP_00002
IDIAP/session_04/iPhone/00002/4_00002_f_04_04_p_2 IDIAP_00002
IDIAP/session_04/iPhone/00002/4_00002_f_04_05_p_2 IDIAP_00002
IDIAP/session_04/iPhone/00002/4_00002_f_04_06_p_2 IDIAP_00002
IDIAP/session_04/iPhone/00002/4_00002_f_04_07_p_2 IDIAP_00002
IDIAP/session_04/iPhone/00002/4_00002_f_04_08_p_2 IDIAP_00002
IDIAP/session_05/iPhone/00002/4_00002_f_05_01_p_2 IDIAP_00002
IDIAP/session_05/iPhone/00002/4_00002_f_05_02_p_2 IDIAP_00002
IDIAP/session_05/iPhone/00002/4_00002_f_05_03_p_2 IDIAP_00002
IDIAP/session_05/iPhone/00002/4_00002_f_05_04_p_2 IDIAP_00002
IDIAP/session_05/iPhone/00002/4_00002_f_05_05_p_2 IDIAP_00002
IDIAP/session_05/iPhone/00002/4_00002_f_05_06_p_2 IDIAP_00002
IDIAP/session_05/iPhone/00002/4_00002_f_05_07_p_2 IDIAP_00002
IDIAP/session_05/iPhone/00002/4_00002_f_05_08_p_2 IDIAP_00002
IDIAP/session_06/iPhone/00002/4_00002_f_06_01_p_2 IDIAP_00002
IDIAP/session_06/iPhone/00002/4_00002_f_06_02_p_2 IDIAP_00002
IDIAP/session_06/iPhone/00002/4_00002_f_06_03_p_2 IDIAP_00002
IDIAP/session_06/iPhone/00002/4_00002_f_06_04_p_2 IDIAP_00002
IDIAP/session_06/iPhone/00002/4_00002_f_06_05_p_2 IDIAP_00002
IDIAP/session_06/iPhone/00002/4_00002_f_06_06_p_2 IDIAP_00002
IDIAP/session_06/iPhone/00002/4_00002_f_06_07_p_2 IDIAP_00002
IDIAP/session_06/iPhone/00002/4_00002_f_06_08_p_2 IDIAP_00002
IDIAP/session_01/iPad/00003/4_00003_m_01_01_t_2 IDIAP_00003
IDIAP/session_01/iPad/00003/4_00003_m_01_02_t_2 IDIAP_00003
IDIAP/session_01/iPad/00003/4_00003_m_01_03_t_2 IDIAP_00003
IDIAP/session_01/iPad/00003/4_00003_m_01_04_t_2 IDIAP_00003
IDIAP/session_01/iPad/00003/4_00003_m_01_05_t_2 IDIAP_00003
IDIAP/session_01/iPad/00003/4_00003_m_01_06_t_2 IDIAP_00003
IDIAP/session_01/iPad/00003/4_00003_m_01_07_t_2 IDIAP_00003
IDIAP/session_01/iPad/00003/4_00003_m_01_08_t_2 IDIAP_00003
IDIAP/session_01/iPhone/00003/4_00003_m_01_01_p_2 IDIAP_00003
IDIAP/session_01/iPhone/00003/4_00003_m_01_02_p_2 IDIAP_00003
IDIAP/session_01/iPhone/00003/4_00003_m_01_03_p_2 IDIAP_00003
IDIAP/session_01/iPhone/00003/4_00003_m_01_04_p_2 IDIAP_00003
IDIAP/session_01/iPhone/00003/4_00003_m_01_05_p_2 IDIAP_00003
IDIAP/session_01/iPhone/00003/4_00003_m_01_06_p_2 IDIAP_00003
IDIAP/session_01/iPhone/00003/4_00003_m_01_07_p_2 IDIAP_00003
IDIAP/session_01/iPhone/00003/4_00003_m_01_08_p_2 IDIAP_00003
IDIAP/session_02/iPhone/00003/4_00003_m_02_01_p_2 IDIAP_00003
IDIAP/session_02/iPhone/00003/4_00003_m_02_02_p_2 IDIAP_00003
IDIAP/session_02/iPhone/00003/4_00003_m_02_03_p_2 IDIAP_00003
IDIAP/session_02/iPhone/00003/4_00003_m_02_04_p_2 IDIAP_00003
IDIAP/session_02/iPhone/00003/4_00003_m_02_05_p_2 IDIAP_00003
IDIAP/session_02/iPhone/00003/4_00003_m_02_06_p_2 IDIAP_00003
IDIAP/session_02/iPhone/00003/4_00003_m_02_07_p_2 IDIAP_00003
IDIAP/session_02/iPhone/00003/4_00003_m_02_08_p_2 IDIAP_00003
IDIAP/session_03/iPhone/00003/4_00003_m_03_01_p_2 IDIAP_00003
IDIAP/session_03/iPhone/00003/4_00003_m_03_02_p_2 IDIAP_00003
IDIAP/session_03/iPhone/00003/4_00003_m_03_03_p_2 IDIAP_00003
IDIAP/session_03/iPhone/00003/4_00003_m_03_04_p_2 IDIAP_00003
IDIAP/session_03/iPhone/00003/4_00003_m_03_05_p_2 IDIAP_00003
IDIAP/session_03/iPhone/00003/4_00003_m_03_06_p_2 IDIAP_00003
IDIAP/session_03/iPhone/00003/4_00003_m_03_07_p_2 IDIAP_00003
IDIAP/session_03/iPhone/00003/4_00003_m_03_08_p_2 IDIAP_00003
IDIAP/session_04/iPhone/00003/4_00003_m_04_01_p_2 IDIAP_00003
IDIAP/session_04/iPhone/00003/4_00003_m_04_02_p_2 IDIAP_00003
IDIAP/session_04/iPhone/00003/4_00003_m_04_03_p_2 IDIAP_00003
IDIAP/session_04/iPhone/00003/4_00003_m_04_04_p_2 IDIAP_00003
IDIAP/session_04/iPhone/00003/4_00003_m_04_05_p_2 IDIAP_00003
IDIAP/session_04/iPhone/00003/4_00003_m_04_06_p_2 IDIAP_00003
IDIAP/session_04/iPhone/00003/4_00003_m_04_07_p_2 IDIAP_00003
IDIAP/session_04/iPhone/00003/4_00003_m_04_08_p_2 IDIAP_00003
IDIAP/session_05/iPhone/00003/4_00003_f_05_01_p_2 IDIAP_00003
IDIAP/session_05/iPhone/00003/4_00003_f_05_02_p_2 IDIAP_00003
IDIAP/session_05/iPhone/00003/4_00003_f_05_03_p_2 IDIAP_00003
IDIAP/session_05/iPhone/00003/4_00003_f_05_04_p_2 IDIAP_00003
IDIAP/session_05/iPhone/00003/4_00003_f_05_05_p_2 IDIAP_00003
IDIAP/session_05/iPhone/00003/4_00003_f_05_06_p_2 IDIAP_00003
IDIAP/session_05/iPhone/00003/4_00003_f_05_07_p_2 IDIAP_00003
IDIAP/session_05/iPhone/00003/4_00003_f_05_08_p_2 IDIAP_00003
IDIAP/session_06/iPhone/00003/4_00003_m_06_01_p_2 IDIAP_00003
IDIAP/session_06/iPhone/00003/4_00003_m_06_02_p_2 IDIAP_00003
IDIAP/session_06/iPhone/00003/4_00003_m_06_03_p_2 IDIAP_00003
IDIAP/session_06/iPhone/00003/4_00003_m_06_04_p_2 IDIAP_00003
IDIAP/session_06/iPhone/00003/4_00003_m_06_05_p_2 IDIAP_00003
IDIAP/session_06/iPhone/00003/4_00003_m_06_06_p_2 IDIAP_00003
IDIAP/session_06/iPhone/00003/4_00003_m_06_07_p_2 IDIAP_00003
IDIAP/session_06/iPhone/00003/4_00003_m_06_08_p_2 IDIAP_00003
IDIAP/session_01/iPad/00004/4_00004_f_01_01_t_2 IDIAP_00004
IDIAP/session_01/iPad/00004/4_00004_f_01_02_t_2 IDIAP_00004
IDIAP/session_01/iPad/00004/4_00004_f_01_03_t_2 IDIAP_00004
IDIAP/session_01/iPad/00004/4_00004_f_01_04_t_2 IDIAP_00004
IDIAP/session_01/iPad/00004/4_00004_f_01_05_t_2 IDIAP_00004
IDIAP/session_01/iPad/00004/4_00004_f_01_06_t_2 IDIAP_00004
IDIAP/session_01/iPad/00004/4_00004_f_01_07_t_2 IDIAP_00004
IDIAP/session_01/iPad/00004/4_00004_f_01_08_t_2 IDIAP_00004
IDIAP/session_01/iPhone/00004/4_00004_f_01_01_p_2 IDIAP_00004
IDIAP/session_01/iPhone/00004/4_00004_f_01_02_p_2 IDIAP_00004
IDIAP/session_01/iPhone/00004/4_00004_f_01_03_p_2 IDIAP_00004
IDIAP/session_01/iPhone/00004/4_00004_f_01_04_p_2 IDIAP_00004
IDIAP/session_01/iPhone/00004/4_00004_f_01_05_p_2 IDIAP_00004
IDIAP/session_01/iPhone/00004/4_00004_f_01_06_p_2 IDIAP_00004
IDIAP/session_01/iPhone/00004/4_00004_f_01_07_p_2 IDIAP_00004
IDIAP/session_01/iPhone/00004/4_00004_f_01_08_p_2 IDIAP_00004
IDIAP/session_02/iPhone/00004/4_00004_f_02_01_p_2 IDIAP_00004
IDIAP/session_02/iPhone/00004/4_00004_f_02_02_p_2 IDIAP_00004
IDIAP/session_02/iPhone/00004/4_00004_f_02_03_p_2 IDIAP_00004
IDIAP/session_02/iPhone/00004/4_00004_f_02_04_p_2 IDIAP_00004
IDIAP/session_02/iPhone/00004/4_00004_f_02_05_p_2 IDIAP_00004
IDIAP/session_02/iPhone/00004/4_00004_f_02_06_p_2 IDIAP_00004
IDIAP/session_02/iPhone/00004/4_00004_f_02_07_p_2 IDIAP_00004
IDIAP/session_02/iPhone/00004/4_00004_f_02_08_p_2 IDIAP_00004
IDIAP/session_03/iPhone/00004/4_00004_f_03_01_p_2 IDIAP_00004
IDIAP/session_03/iPhone/00004/4_00004_f_03_02_p_2 IDIAP_00004
IDIAP/session_03/iPhone/00004/4_00004_f_03_03_p_2 IDIAP_00004
IDIAP/session_03/iPhone/00004/4_00004_f_03_04_p_2 IDIAP_00004
IDIAP/session_03/iPhone/00004/4_00004_f_03_05_p_2 IDIAP_00004
IDIAP/session_03/iPhone/00004/4_00004_f_03_06_p_2 IDIAP_00004
IDIAP/session_03/iPhone/00004/4_00004_f_03_07_p_2 IDIAP_00004
IDIAP/session_03/iPhone/00004/4_00004_f_03_08_p_2 IDIAP_00004
IDIAP/session_04/iPhone/00004/4_00004_f_04_01_p_2 IDIAP_00004
IDIAP/session_04/iPhone/00004/4_00004_f_04_02_p_2 IDIAP_00004
IDIAP/session_04/iPhone/00004/4_00004_f_04_03_p_2 IDIAP_00004
IDIAP/session_04/iPhone/00004/4_00004_f_04_04_p_2 IDIAP_00004
IDIAP/session_04/iPhone/00004/4_00004_f_04_05_p_2 IDIAP_00004
IDIAP/session_04/iPhone/00004/4_00004_f_04_06_p_2 IDIAP_00004
IDIAP/session_04/iPhone/00004/4_00004_f_04_07_p_2 IDIAP_00004
IDIAP/session_04/iPhone/00004/4_00004_f_04_08_p_2 IDIAP_00004
IDIAP/session_05/iPhone/00004/4_00004_f_05_01_p_2 IDIAP_00004
IDIAP/session_05/iPhone/00004/4_00004_f_05_02_p_2 IDIAP_00004
IDIAP/session_05/iPhone/00004/4_00004_f_05_03_p_2 IDIAP_00004
IDIAP/session_05/iPhone/00004/4_00004_f_05_04_p_2 IDIAP_00004
IDIAP/session_05/iPhone/00004/4_00004_f_05_05_p_2 IDIAP_00004
IDIAP/session_05/iPhone/00004/4_00004_f_05_06_p_2 IDIAP_00004
IDIAP/session_05/iPhone/00004/4_00004_f_05_07_p_2 IDIAP_00004
IDIAP/session_05/iPhone/00004/4_00004_f_05_08_p_2 IDIAP_00004
IDIAP/session_06/iPhone/00004/4_00004_f_06_01_p_2 IDIAP_00004
IDIAP/session_06/iPhone/00004/4_00004_f_06_02_p_2 IDIAP_00004
IDIAP/session_06/iPhone/00004/4_00004_f_06_03_p_2 IDIAP_00004
IDIAP/session_06/iPhone/00004/4_00004_f_06_04_p_2 IDIAP_00004
IDIAP/session_06/iPhone/00004/4_00004_f_06_05_p_2 IDIAP_00004
IDIAP/session_06/iPhone/00004/4_00004_f_06_06_p_2 IDIAP_00004
IDIAP/session_06/iPhone/00004/4_00004_f_06_07_p_2 IDIAP_00004
IDIAP/session_06/iPhone/00004/4_00004_f_06_08_p_2 IDIAP_00004
IDIAP/session_01/iPad/00005/4_00005_m_01_01_t_2 IDIAP_00005
IDIAP/session_01/iPad/00005/4_00005_m_01_02_t_2 IDIAP_00005
IDIAP/session_01/iPad/00005/4_00005_m_01_03_t_2 IDIAP_00005
IDIAP/session_01/iPad/00005/4_00005_m_01_04_t_2 IDIAP_00005
IDIAP/session_01/iPad/00005/4_00005_m_01_05_t_2 IDIAP_00005
IDIAP/session_01/iPad/00005/4_00005_m_01_06_t_2 IDIAP_00005
IDIAP/session_01/iPad/00005/4_00005_m_01_07_t_2 IDIAP_00005
IDIAP/session_01/iPad/00005/4_00005_m_01_08_t_2 IDIAP_00005
IDIAP/session_01/iPhone/00005/4_00005_m_01_01_p_2 IDIAP_00005
IDIAP/session_01/iPhone/00005/4_00005_m_01_02_p_2 IDIAP_00005
IDIAP/session_01/iPhone/00005/4_00005_m_01_03_p_2 IDIAP_00005
IDIAP/session_01/iPhone/00005/4_00005_m_01_04_p_2 IDIAP_00005
IDIAP/session_01/iPhone/00005/4_00005_m_01_05_p_2 IDIAP_00005
IDIAP/session_01/iPhone/00005/4_00005_m_01_06_p_2 IDIAP_00005
IDIAP/session_01/iPhone/00005/4_00005_m_01_07_p_2 IDIAP_00005
IDIAP/session_01/iPhone/00005/4_00005_m_01_08_p_2 IDIAP_00005
IDIAP/session_02/iPhone/00005/4_00005_m_02_01_p_2 IDIAP_00005
IDIAP/session_02/iPhone/00005/4_00005_m_02_02_p_2 IDIAP_00005
IDIAP/session_02/iPhone/00005/4_00005_m_02_03_p_2 IDIAP_00005
IDIAP/session_02/iPhone/00005/4_00005_m_02_04_p_2 IDIAP_00005
IDIAP/session_02/iPhone/00005/4_00005_m_02_05_p_2 IDIAP_00005
IDIAP/session_02/iPhone/00005/4_00005_m_02_06_p_2 IDIAP_00005
IDIAP/session_02/iPhone/00005/4_00005_m_02_07_p_2 IDIAP_00005
IDIAP/session_02/iPhone/00005/4_00005_m_02_08_p_2 IDIAP_00005
IDIAP/session_03/iPhone/00005/4_00005_m_03_01_p_2 IDIAP_00005
IDIAP/session_03/iPhone/00005/4_00005_m_03_02_p_2 IDIAP_00005
IDIAP/session_03/iPhone/00005/4_00005_m_03_03_p_2 IDIAP_00005
IDIAP/session_03/iPhone/00005/4_00005_m_03_04_p_2 IDIAP_00005
IDIAP/session_03/iPhone/00005/4_00005_m_03_05_p_2 IDIAP_00005
IDIAP/session_03/iPhone/00005/4_00005_m_03_06_p_2 IDIAP_00005
IDIAP/session_03/iPhone/00005/4_00005_m_03_07_p_2 IDIAP_00005
IDIAP/session_03/iPhone/00005/4_00005_m_03_08_p_2 IDIAP_00005
IDIAP/session_04/iPhone/00005/4_00005_m_04_01_p_2 IDIAP_00005
IDIAP/session_04/iPhone/00005/4_00005_m_04_02_p_2 IDIAP_00005
IDIAP/session_04/iPhone/00005/4_00005_m_04_03_p_2 IDIAP_00005
IDIAP/session_04/iPhone/00005/4_00005_m_04_04_p_2 IDIAP_00005
IDIAP/session_04/iPhone/00005/4_00005_m_04_05_p_2 IDIAP_00005
IDIAP/session_04/iPhone/00005/4_00005_m_04_06_p_2 IDIAP_00005
IDIAP/session_04/iPhone/00005/4_00005_m_04_07_p_2 IDIAP_00005
IDIAP/session_04/iPhone/00005/4_00005_m_04_08_p_2 IDIAP_00005
IDIAP/session_05/iPhone/00005/4_00005_m_05_01_p_2 IDIAP_00005
IDIAP/session_05/iPhone/00005/4_00005_m_05_02_p_2 IDIAP_00005
IDIAP/session_05/iPhone/00005/4_00005_m_05_03_p_2 IDIAP_00005
IDIAP/session_05/iPhone/00005/4_00005_m_05_04_p_2 IDIAP_00005
IDIAP/session_05/iPhone/00005/4_00005_m_05_05_p_2 IDIAP_00005
IDIAP/session_05/iPhone/00005/4_00005_m_05_06_p_2 IDIAP_00005
IDIAP/session_05/iPhone/00005/4_00005_m_05_07_p_2 IDIAP_00005
IDIAP/session_05/iPhone/00005/4_00005_m_05_08_p_2 IDIAP_00005
IDIAP/session_06/iPhone/00005/4_00005_m_06_01_p_2 IDIAP_00005
IDIAP/session_06/iPhone/00005/4_00005_m_06_02_p_2 IDIAP_00005
IDIAP/session_06/iPhone/00005/4_00005_m_06_03_p_2 IDIAP_00005
IDIAP/session_06/iPhone/00005/4_00005_m_06_04_p_2 IDIAP_00005
IDIAP/session_06/iPhone/00005/4_00005_m_06_05_p_2 IDIAP_00005
IDIAP/session_06/iPhone/00005/4_00005_m_06_06_p_2 IDIAP_00005
IDIAP/session_06/iPhone/00005/4_00005_m_06_07_p_2 IDIAP_00005
IDIAP/session_06/iPhone/00005/4_00005_m_06_08_p_2 IDIAP_00005
IDIAP/session_01/iPad/00006/4_00006_m_01_01_t_2 IDIAP_00006
IDIAP/session_01/iPad/00006/4_00006_m_01_02_t_2 IDIAP_00006
IDIAP/session_01/iPad/00006/4_00006_m_01_03_t_2 IDIAP_00006
IDIAP/session_01/iPad/00006/4_00006_m_01_04_t_2 IDIAP_00006
IDIAP/session_01/iPad/00006/4_00006_m_01_05_t_2 IDIAP_00006
IDIAP/session_01/iPad/00006/4_00006_m_01_06_t_2 IDIAP_00006
IDIAP/session_01/iPad/00006/4_00006_m_01_07_t_2 IDIAP_00006
IDIAP/session_01/iPad/00006/4_00006_m_01_08_t_2 IDIAP_00006
IDIAP/session_01/iPhone/00006/4_00006_m_01_01_p_2 IDIAP_00006
IDIAP/session_01/iPhone/00006/4_00006_m_01_02_p_2 IDIAP_00006
IDIAP/session_01/iPhone/00006/4_00006_m_01_03_p_2 IDIAP_00006
IDIAP/session_01/iPhone/00006/4_00006_m_01_04_p_2 IDIAP_00006
IDIAP/session_01/iPhone/00006/4_00006_m_01_05_p_2 IDIAP_00006
IDIAP/session_01/iPhone/00006/4_00006_m_01_06_p_2 IDIAP_00006
IDIAP/session_01/iPhone/00006/4_00006_m_01_07_p_2 IDIAP_00006
IDIAP/session_01/iPhone/00006/4_00006_m_01_08_p_2 IDIAP_00006
IDIAP/session_02/iPhone/00006/4_00006_m_02_01_p_2 IDIAP_00006
IDIAP/session_02/iPhone/00006/4_00006_m_02_02_p_2 IDIAP_00006
IDIAP/session_02/iPhone/00006/4_00006_m_02_03_p_2 IDIAP_00006
IDIAP/session_02/iPhone/00006/4_00006_m_02_04_p_2 IDIAP_00006
IDIAP/session_02/iPhone/00006/4_00006_m_02_05_p_2 IDIAP_00006
IDIAP/session_02/iPhone/00006/4_00006_m_02_06_p_2 IDIAP_00006
IDIAP/session_02/iPhone/00006/4_00006_m_02_07_p_2 IDIAP_00006
IDIAP/session_02/iPhone/00006/4_00006_m_02_08_p_2 IDIAP_00006
IDIAP/session_03/iPhone/00006/4_00006_m_03_01_p_2 IDIAP_00006
IDIAP/session_03/iPhone/00006/4_00006_m_03_02_p_2 IDIAP_00006
IDIAP/session_03/iPhone/00006/4_00006_m_03_03_p_2 IDIAP_00006
IDIAP/session_03/iPhone/00006/4_00006_m_03_04_p_2 IDIAP_00006
IDIAP/session_03/iPhone/00006/4_00006_m_03_05_p_2 IDIAP_00006
IDIAP/session_03/iPhone/00006/4_00006_m_03_06_p_2 IDIAP_00006
IDIAP/session_03/iPhone/00006/4_00006_m_03_07_p_2 IDIAP_00006
IDIAP/session_03/iPhone/00006/4_00006_m_03_08_p_2 IDIAP_00006
IDIAP/session_04/iPhone/00006/4_00006_m_04_01_p_2 IDIAP_00006
IDIAP/session_04/iPhone/00006/4_00006_m_04_02_p_2 IDIAP_00006
IDIAP/session_04/iPhone/00006/4_00006_m_04_03_p_2 IDIAP_00006
IDIAP/session_04/iPhone/00006/4_00006_m_04_04_p_2 IDIAP_00006
IDIAP/session_04/iPhone/00006/4_00006_m_04_05_p_2 IDIAP_00006
IDIAP/session_04/iPhone/00006/4_00006_m_04_06_p_2 IDIAP_00006
IDIAP/session_04/iPhone/00006/4_00006_m_04_07_p_2 IDIAP_00006
IDIAP/session_04/iPhone/00006/4_00006_m_04_08_p_2 IDIAP_00006
IDIAP/session_05/iPhone/00006/4_00006_m_05_01_p_2 IDIAP_00006
IDIAP/session_05/iPhone/00006/4_00006_m_05_02_p_2 IDIAP_00006
IDIAP/session_05/iPhone/00006/4_00006_m_05_03_p_2 IDIAP_00006
IDIAP/session_05/iPhone/00006/4_00006_m_05_04_p_2 IDIAP_00006
IDIAP/session_05/iPhone/00006/4_00006_m_05_05_p_2 IDIAP_00006
IDIAP/session_05/iPhone/00006/4_00006_m_05_06_p_2 IDIAP_00006
IDIAP/session_05/iPhone/00006/4_00006_m_05_07_p_2 IDIAP_00006
IDIAP/session_05/iPhone/00006/4_00006_m_05_08_p_2 IDIAP_00006
IDIAP/session_06/iPhone/00006/4_00006_m_06_01_p_2 IDIAP_00006
IDIAP/session_06/iPhone/00006/4_00006_m_06_02_p_2 IDIAP_00006
IDIAP/session_06/iPhone/00006/4_00006_m_06_03_p_2 IDIAP_00006
IDIAP/session_06/iPhone/00006/4_00006_m_06_04_p_2 IDIAP_00006
IDIAP/session_06/iPhone/00006/4_00006_m_06_05_p_2 IDIAP_00006
IDIAP/session_06/iPhone/00006/4_00006_m_06_06_p_2 IDIAP_00006
IDIAP/session_06/iPhone/00006/4_00006_m_06_07_p_2 IDIAP_00006
IDIAP/session_06/iPhone/00006/4_00006_m_06_08_p_2 IDIAP_00006
IDIAP/session_01/iPad/00010/4_00010_m_01_01_t_2 IDIAP_00010
IDIAP/session_01/iPad/00010/4_00010_m_01_02_t_2 IDIAP_00010
IDIAP/session_01/iPad/00010/4_00010_m_01_03_t_2 IDIAP_00010
IDIAP/session_01/iPad/00010/4_00010_m_01_04_t_2 IDIAP_00010
IDIAP/session_01/iPad/00010/4_00010_m_01_05_t_2 IDIAP_00010
IDIAP/session_01/iPad/00010/4_00010_m_01_06_t_2 IDIAP_00010
IDIAP/session_01/iPad/00010/4_00010_m_01_07_t_2 IDIAP_00010
IDIAP/session_01/iPad/00010/4_00010_m_01_08_t_2 IDIAP_00010
IDIAP/session_01/iPhone/00010/4_00010_m_01_01_p_2 IDIAP_00010
IDIAP/session_01/iPhone/00010/4_00010_m_01_02_p_2 IDIAP_00010
IDIAP/session_01/iPhone/00010/4_00010_m_01_03_p_2 IDIAP_00010
IDIAP/session_01/iPhone/00010/4_00010_m_01_04_p_2 IDIAP_00010
IDIAP/session_01/iPhone/00010/4_00010_m_01_05_p_2 IDIAP_00010
IDIAP/session_01/iPhone/00010/4_00010_m_01_06_p_2 IDIAP_00010
IDIAP/session_01/iPhone/00010/4_00010_m_01_07_p_2 IDIAP_00010
IDIAP/session_01/iPhone/00010/4_00010_m_01_08_p_2 IDIAP_00010
IDIAP/session_02/iPhone/00010/4_00010_m_02_01_p_2 IDIAP_00010
IDIAP/session_02/iPhone/00010/4_00010_m_02_02_p_2 IDIAP_00010
IDIAP/session_02/iPhone/00010/4_00010_m_02_03_p_2 IDIAP_00010
IDIAP/session_02/iPhone/00010/4_00010_m_02_04_p_2 IDIAP_00010
IDIAP/session_02/iPhone/00010/4_00010_m_02_05_p_2 IDIAP_00010
IDIAP/session_02/iPhone/00010/4_00010_m_02_06_p_2 IDIAP_00010
IDIAP/session_02/iPhone/00010/4_00010_m_02_07_p_2 IDIAP_00010
IDIAP/session_02/iPhone/00010/4_00010_m_02_08_p_2 IDIAP_00010
IDIAP/session_03/iPhone/00010/4_00010_m_03_01_p_2 IDIAP_00010
IDIAP/session_03/iPhone/00010/4_00010_m_03_02_p_2 IDIAP_00010
IDIAP/session_03/iPhone/00010/4_00010_m_03_03_p_2 IDIAP_00010
IDIAP/session_03/iPhone/00010/4_00010_m_03_04_p_2 IDIAP_00010
IDIAP/session_03/iPhone/00010/4_00010_m_03_05_p_2 IDIAP_00010
IDIAP/session_03/iPhone/00010/4_00010_m_03_06_p_2 IDIAP_00010
IDIAP/session_03/iPhone/00010/4_00010_m_03_07_p_2 IDIAP_00010
IDIAP/session_03/iPhone/00010/4_00010_m_03_08_p_2 IDIAP_00010
IDIAP/session_04/iPhone/00010/4_00010_m_04_01_p_2 IDIAP_00010
IDIAP/session_04/iPhone/00010/4_00010_m_04_02_p_2 IDIAP_00010
IDIAP/session_04/iPhone/00010/4_00010_m_04_03_p_2 IDIAP_00010
IDIAP/session_04/iPhone/00010/4_00010_m_04_04_p_2 IDIAP_00010
IDIAP/session_04/iPhone/00010/4_00010_m_04_05_p_2 IDIAP_00010
IDIAP/session_04/iPhone/00010/4_00010_m_04_06_p_2 IDIAP_00010
IDIAP/session_04/iPhone/00010/4_00010_m_04_07_p_2 IDIAP_00010
IDIAP/session_04/iPhone/00010/4_00010_m_04_08_p_2 IDIAP_00010
IDIAP/session_05/iPhone/00010/4_00010_m_05_01_p_2 IDIAP_00010
IDIAP/session_05/iPhone/00010/4_00010_m_05_02_p_2 IDIAP_00010
IDIAP/session_05/iPhone/00010/4_00010_m_05_03_p_2 IDIAP_00010
IDIAP/session_05/iPhone/00010/4_00010_m_05_04_p_2 IDIAP_00010
IDIAP/session_05/iPhone/00010/4_00010_m_05_05_p_2 IDIAP_00010
IDIAP/session_05/iPhone/00010/4_00010_m_05_06_p_2 IDIAP_00010
IDIAP/session_05/iPhone/00010/4_00010_m_05_07_p_2 IDIAP_00010
IDIAP/session_05/iPhone/00010/4_00010_m_05_08_p_2 IDIAP_00010
IDIAP/session_06/iPhone/00010/4_00010_m_06_01_p_2 IDIAP_00010
IDIAP/session_06/iPhone/00010/4_00010_m_06_02_p_2 IDIAP_00010
IDIAP/session_06/iPhone/00010/4_00010_m_06_03_p_2 IDIAP_00010
IDIAP/session_06/iPhone/00010/4_00010_m_06_04_p_2 IDIAP_00010
IDIAP/session_06/iPhone/00010/4_00010_m_06_05_p_2 IDIAP_00010
IDIAP/session_06/iPhone/00010/4_00010_m_06_06_p_2 IDIAP_00010
IDIAP/session_06/iPhone/00010/4_00010_m_06_07_p_2 IDIAP_00010
IDIAP/session_06/iPhone/00010/4_00010_m_06_08_p_2 IDIAP_00010
IDIAP/session_01/iPad/00011/4_00011_m_01_01_t_2 IDIAP_00011
IDIAP/session_01/iPad/00011/4_00011_m_01_02_t_2 IDIAP_00011
IDIAP/session_01/iPad/00011/4_00011_m_01_03_t_2 IDIAP_00011
IDIAP/session_01/iPad/00011/4_00011_m_01_04_t_2 IDIAP_00011
IDIAP/session_01/iPad/00011/4_00011_m_01_05_t_2 IDIAP_00011
IDIAP/session_01/iPad/00011/4_00011_m_01_06_t_2 IDIAP_00011
IDIAP/session_01/iPad/00011/4_00011_m_01_07_t_2 IDIAP_00011
IDIAP/session_01/iPad/00011/4_00011_m_01_08_t_2 IDIAP_00011
IDIAP/session_01/iPhone/00011/4_00011_m_01_01_p_2 IDIAP_00011
IDIAP/session_01/iPhone/00011/4_00011_m_01_02_p_2 IDIAP_00011
IDIAP/session_01/iPhone/00011/4_00011_m_01_03_p_2 IDIAP_00011
IDIAP/session_01/iPhone/00011/4_00011_m_01_04_p_2 IDIAP_00011
IDIAP/session_01/iPhone/00011/4_00011_m_01_05_p_2 IDIAP_00011
IDIAP/session_01/iPhone/00011/4_00011_m_01_06_p_2 IDIAP_00011
IDIAP/session_01/iPhone/00011/4_00011_m_01_07_p_2 IDIAP_00011
IDIAP/session_01/iPhone/00011/4_00011_m_01_08_p_2 IDIAP_00011
IDIAP/session_02/iPhone/00011/4_00011_m_02_01_p_2 IDIAP_00011
IDIAP/session_02/iPhone/00011/4_00011_m_02_02_p_2 IDIAP_00011
IDIAP/session_02/iPhone/00011/4_00011_m_02_03_p_2 IDIAP_00011
IDIAP/session_02/iPhone/00011/4_00011_m_02_04_p_2 IDIAP_00011
IDIAP/session_02/iPhone/00011/4_00011_m_02_05_p_2 IDIAP_00011
IDIAP/session_02/iPhone/00011/4_00011_m_02_06_p_2 IDIAP_00011
IDIAP/session_02/iPhone/00011/4_00011_m_02_07_p_2 IDIAP_00011
IDIAP/session_02/iPhone/00011/4_00011_m_02_08_p_2 IDIAP_00011
IDIAP/session_03/iPhone/00011/4_00011_m_03_01_p_2 IDIAP_00011
IDIAP/session_03/iPhone/00011/4_00011_m_03_02_p_2 IDIAP_00011
IDIAP/session_03/iPhone/00011/4_00011_m_03_03_p_2 IDIAP_00011
IDIAP/session_03/iPhone/00011/4_00011_m_03_04_p_2 IDIAP_00011
IDIAP/session_03/iPhone/00011/4_00011_m_03_05_p_2 IDIAP_00011
IDIAP/session_03/iPhone/00011/4_00011_m_03_06_p_2 IDIAP_00011
IDIAP/session_03/iPhone/00011/4_00011_m_03_07_p_2 IDIAP_00011
IDIAP/session_03/iPhone/00011/4_00011_m_03_08_p_2 IDIAP_00011
IDIAP/session_04/iPhone/00011/4_00011_m_04_01_p_2 IDIAP_00011
IDIAP/session_04/iPhone/00011/4_00011_m_04_02_p_2 IDIAP_00011
IDIAP/session_04/iPhone/00011/4_00011_m_04_03_p_2 IDIAP_00011
IDIAP/session_04/iPhone/00011/4_00011_m_04_04_p_2 IDIAP_00011
IDIAP/session_04/iPhone/00011/4_00011_m_04_05_p_2 IDIAP_00011
IDIAP/session_04/iPhone/00011/4_00011_m_04_06_p_2 IDIAP_00011
IDIAP/session_04/iPhone/00011/4_00011_m_04_07_p_2 IDIAP_00011
IDIAP/session_04/iPhone/00011/4_00011_m_04_08_p_2 IDIAP_00011
IDIAP/session_05/iPhone/00011/4_00011_m_05_01_p_2 IDIAP_00011
IDIAP/session_05/iPhone/00011/4_00011_m_05_02_p_2 IDIAP_00011
IDIAP/session_05/iPhone/00011/4_00011_m_05_03_p_2 IDIAP_00011
IDIAP/session_05/iPhone/00011/4_00011_m_05_04_p_2 IDIAP_00011
IDIAP/session_05/iPhone/00011/4_00011_m_05_05_p_2 IDIAP_00011
IDIAP/session_05/iPhone/00011/4_00011_m_05_06_p_2 IDIAP_00011
IDIAP/session_05/iPhone/00011/4_00011_m_05_07_p_2 IDIAP_00011
IDIAP/session_05/iPhone/00011/4_00011_m_05_08_p_2 IDIAP_00011
IDIAP/session_06/iPhone/00011/4_00011_m_06_01_p_2 IDIAP_00011
IDIAP/session_06/iPhone/00011/4_00011_m_06_02_p_2 IDIAP_00011
IDIAP/session_06/iPhone/00011/4_00011_m_06_03_p_2 IDIAP_00011
IDIAP/session_06/iPhone/00011/4_00011_m_06_04_p_2 IDIAP_00011
IDIAP/session_06/iPhone/00011/4_00011_m_06_05_p_2 IDIAP_00011
IDIAP/session_06/iPhone/00011/4_00011_m_06_06_p_2 IDIAP_00011
IDIAP/session_06/iPhone/00011/4_00011_m_06_07_p_2 IDIAP_00011
IDIAP/session_06/iPhone/00011/4_00011_m_06_08_p_2 IDIAP_00011
IDIAP/session_01/iPad/00012/4_00012_m_01_01_t_2 IDIAP_00012
IDIAP/session_01/iPad/00012/4_00012_m_01_02_t_2 IDIAP_00012
IDIAP/session_01/iPad/00012/4_00012_m_01_03_t_2 IDIAP_00012
IDIAP/session_01/iPad/00012/4_00012_m_01_04_t_2 IDIAP_00012
IDIAP/session_01/iPad/00012/4_00012_m_01_05_t_2 IDIAP_00012
IDIAP/session_01/iPad/00012/4_00012_m_01_06_t_2 IDIAP_00012
IDIAP/session_01/iPad/00012/4_00012_m_01_07_t_2 IDIAP_00012
IDIAP/session_01/iPad/00012/4_00012_m_01_08_t_2 IDIAP_00012
IDIAP/session_01/iPhone/00012/4_00012_m_01_01_p_2 IDIAP_00012
IDIAP/session_01/iPhone/00012/4_00012_m_01_02_p_2 IDIAP_00012
IDIAP/session_01/iPhone/00012/4_00012_m_01_03_p_2 IDIAP_00012
IDIAP/session_01/iPhone/00012/4_00012_m_01_04_p_2 IDIAP_00012
IDIAP/session_01/iPhone/00012/4_00012_m_01_05_p_2 IDIAP_00012
IDIAP/session_01/iPhone/00012/4_00012_m_01_06_p_2 IDIAP_00012
IDIAP/session_01/iPhone/00012/4_00012_m_01_07_p_2 IDIAP_00012
IDIAP/session_01/iPhone/00012/4_00012_m_01_08_p_2 IDIAP_00012
IDIAP/session_02/iPhone/00012/4_00012_m_02_01_p_2 IDIAP_00012
IDIAP/session_02/iPhone/00012/4_00012_m_02_02_p_2 IDIAP_00012
IDIAP/session_02/iPhone/00012/4_00012_m_02_03_p_2 IDIAP_00012
IDIAP/session_02/iPhone/00012/4_00012_m_02_04_p_2 IDIAP_00012
IDIAP/session_02/iPhone/00012/4_00012_m_02_05_p_2 IDIAP_00012
IDIAP/session_02/iPhone/00012/4_00012_m_02_06_p_2 IDIAP_00012
IDIAP/session_02/iPhone/00012/4_00012_m_02_07_p_2 IDIAP_00012
IDIAP/session_02/iPhone/00012/4_00012_m_02_08_p_2 IDIAP_00012
IDIAP/session_03/iPhone/00012/4_00012_m_03_01_p_2 IDIAP_00012
IDIAP/session_03/iPhone/00012/4_00012_m_03_02_p_2 IDIAP_00012
IDIAP/session_03/iPhone/00012/4_00012_m_03_03_p_2 IDIAP_00012
IDIAP/session_03/iPhone/00012/4_00012_m_03_04_p_2 IDIAP_00012
IDIAP/session_03/iPhone/00012/4_00012_m_03_05_p_2 IDIAP_00012
IDIAP/session_03/iPhone/00012/4_00012_m_03_06_p_2 IDIAP_00012
IDIAP/session_03/iPhone/00012/4_00012_m_03_07_p_2 IDIAP_00012
IDIAP/session_03/iPhone/00012/4_00012_m_03_08_p_2 IDIAP_00012
IDIAP/session_04/iPhone/00012/4_00012_m_04_01_p_2 IDIAP_00012
IDIAP/session_04/iPhone/00012/4_00012_m_04_02_p_2 IDIAP_00012
IDIAP/session_04/iPhone/00012/4_00012_m_04_03_p_2 IDIAP_00012
IDIAP/session_04/iPhone/00012/4_00012_m_04_04_p_2 IDIAP_00012
IDIAP/session_04/iPhone/00012/4_00012_m_04_05_p_2 IDIAP_00012
IDIAP/session_04/iPhone/00012/4_00012_m_04_06_p_2 IDIAP_00012
IDIAP/session_04/iPhone/00012/4_00012_m_04_07_p_2 IDIAP_00012
IDIAP/session_04/iPhone/00012/4_00012_m_04_08_p_2 IDIAP_00012
IDIAP/session_05/iPhone/00012/4_00012_m_05_01_p_2 IDIAP_00012
IDIAP/session_05/iPhone/00012/4_00012_m_05_02_p_2 IDIAP_00012
IDIAP/session_05/iPhone/00012/4_00012_m_05_03_p_2 IDIAP_00012
IDIAP/session_05/iPhone/00012/4_00012_m_05_04_p_2 IDIAP_00012
IDIAP/session_05/iPhone/00012/4_00012_m_05_05_p_2 IDIAP_00012
IDIAP/session_05/iPhone/00012/4_00012_m_05_06_p_2 IDIAP_00012
IDIAP/session_05/iPhone/00012/4_00012_m_05_07_p_2 IDIAP_00012
IDIAP/session_05/iPhone/00012/4_00012_m_05_08_p_2 IDIAP_00012
IDIAP/session_06/iPhone/00012/4_00012_m_06_01_p_2 IDIAP_00012
IDIAP/session_06/iPhone/00012/4_00012_m_06_02_p_2 IDIAP_00012
IDIAP/session_06/iPhone/00012/4_00012_m_06_03_p_2 IDIAP_00012
IDIAP/session_06/iPhone/00012/4_00012_m_06_04_p_2 IDIAP_00012
IDIAP/session_06/iPhone/00012/4_00012_m_06_05_p_2 IDIAP_00012
IDIAP/session_06/iPhone/00012/4_00012_m_06_06_p_2 IDIAP_00012
IDIAP/session_06/iPhone/00012/4_00012_m_06_07_p_2 IDIAP_00012
IDIAP/session_06/iPhone/00012/4_00012_m_06_08_p_2 IDIAP_00012
IDIAP/session_01/iPad/00013/4_00013_m_01_01_t_2 IDIAP_00013
IDIAP/session_01/iPad/00013/4_00013_m_01_02_t_2 IDIAP_00013
IDIAP/session_01/iPad/00013/4_00013_m_01_03_t_2 IDIAP_00013
IDIAP/session_01/iPad/00013/4_00013_m_01_04_t_2 IDIAP_00013
IDIAP/session_01/iPad/00013/4_00013_m_01_05_t_2 IDIAP_00013
IDIAP/session_01/iPad/00013/4_00013_m_01_06_t_2 IDIAP_00013
IDIAP/session_01/iPad/00013/4_00013_m_01_07_t_2 IDIAP_00013
IDIAP/session_01/iPad/00013/4_00013_m_01_08_t_2 IDIAP_00013
IDIAP/session_01/iPhone/00013/4_00013_m_01_01_p_2 IDIAP_00013
IDIAP/session_01/iPhone/00013/4_00013_m_01_02_p_2 IDIAP_00013
IDIAP/session_01/iPhone/00013/4_00013_m_01_03_p_2 IDIAP_00013
IDIAP/session_01/iPhone/00013/4_00013_m_01_04_p_2 IDIAP_00013
IDIAP/session_01/iPhone/00013/4_00013_m_01_05_p_2 IDIAP_00013
IDIAP/session_01/iPhone/00013/4_00013_m_01_06_p_2 IDIAP_00013
IDIAP/session_01/iPhone/00013/4_00013_m_01_07_p_2 IDIAP_00013
IDIAP/session_01/iPhone/00013/4_00013_m_01_08_p_2 IDIAP_00013
IDIAP/session_02/iPhone/00013/4_00013_m_02_01_p_2 IDIAP_00013
IDIAP/session_02/iPhone/00013/4_00013_m_02_02_p_2 IDIAP_00013
IDIAP/session_02/iPhone/00013/4_00013_m_02_03_p_2 IDIAP_00013
IDIAP/session_02/iPhone/00013/4_00013_m_02_04_p_2 IDIAP_00013
IDIAP/session_02/iPhone/00013/4_00013_m_02_05_p_2 IDIAP_00013
IDIAP/session_02/iPhone/00013/4_00013_m_02_06_p_2 IDIAP_00013
IDIAP/session_02/iPhone/00013/4_00013_m_02_07_p_2 IDIAP_00013
IDIAP/session_02/iPhone/00013/4_00013_m_02_08_p_2 IDIAP_00013
IDIAP/session_03/iPhone/00013/4_00013_m_03_01_p_2 IDIAP_00013
IDIAP/session_03/iPhone/00013/4_00013_m_03_02_p_2 IDIAP_00013
IDIAP/session_03/iPhone/00013/4_00013_m_03_03_p_2 IDIAP_00013
IDIAP/session_03/iPhone/00013/4_00013_m_03_04_p_2 IDIAP_00013
IDIAP/session_03/iPhone/00013/4_00013_m_03_05_p_2 IDIAP_00013
IDIAP/session_03/iPhone/00013/4_00013_m_03_06_p_2 IDIAP_00013
IDIAP/session_03/iPhone/00013/4_00013_m_03_07_p_2 IDIAP_00013
IDIAP/session_03/iPhone/00013/4_00013_m_03_08_p_2 IDIAP_00013
IDIAP/session_04/iPhone/00013/4_00013_m_04_01_p_2 IDIAP_00013
IDIAP/session_04/iPhone/00013/4_00013_m_04_02_p_2 IDIAP_00013
IDIAP/session_04/iPhone/00013/4_00013_m_04_03_p_2 IDIAP_00013
IDIAP/session_04/iPhone/00013/4_00013_m_04_04_p_2 IDIAP_00013
IDIAP/session_04/iPhone/00013/4_00013_m_04_05_p_2 IDIAP_00013
IDIAP/session_04/iPhone/00013/4_00013_m_04_06_p_2 IDIAP_00013
IDIAP/session_04/iPhone/00013/4_00013_m_04_07_p_2 IDIAP_00013
IDIAP/session_04/iPhone/00013/4_00013_m_04_08_p_2 IDIAP_00013
IDIAP/session_05/iPhone/00013/4_00013_m_05_01_p_2 IDIAP_00013
IDIAP/session_05/iPhone/00013/4_00013_m_05_02_p_2 IDIAP_00013
IDIAP/session_05/iPhone/00013/4_00013_m_05_03_p_2 IDIAP_00013
IDIAP/session_05/iPhone/00013/4_00013_m_05_04_p_2 IDIAP_00013
IDIAP/session_05/iPhone/00013/4_00013_m_05_05_p_2 IDIAP_00013
IDIAP/session_05/iPhone/00013/4_00013_m_05_06_p_2 IDIAP_00013
IDIAP/session_05/iPhone/00013/4_00013_m_05_07_p_2 IDIAP_00013
IDIAP/session_05/iPhone/00013/4_00013_m_05_08_p_2 IDIAP_00013
IDIAP/session_06/iPhone/00013/4_00013_m_06_01_p_2 IDIAP_00013
IDIAP/session_06/iPhone/00013/4_00013_m_06_02_p_2 IDIAP_00013
IDIAP/session_06/iPhone/00013/4_00013_m_06_03_p_2 IDIAP_00013
IDIAP/session_06/iPhone/00013/4_00013_m_06_04_p_2 IDIAP_00013
IDIAP/session_06/iPhone/00013/4_00013_m_06_05_p_2 IDIAP_00013
IDIAP/session_06/iPhone/00013/4_00013_m_06_06_p_2 IDIAP_00013
IDIAP/session_06/iPhone/00013/4_00013_m_06_07_p_2 IDIAP_00013
IDIAP/session_06/iPhone/00013/4_00013_m_06_08_p_2 IDIAP_00013
IDIAP/session_01/iPad/00014/4_00014_f_01_01_t_2 IDIAP_00014
IDIAP/session_01/iPad/00014/4_00014_f_01_02_t_2 IDIAP_00014
IDIAP/session_01/iPad/00014/4_00014_f_01_03_t_2 IDIAP_00014
IDIAP/session_01/iPad/00014/4_00014_f_01_04_t_2 IDIAP_00014
IDIAP/session_01/iPad/00014/4_00014_f_01_05_t_2 IDIAP_00014
IDIAP/session_01/iPad/00014/4_00014_f_01_06_t_2 IDIAP_00014
IDIAP/session_01/iPad/00014/4_00014_f_01_07_t_2 IDIAP_00014
IDIAP/session_01/iPad/00014/4_00014_f_01_08_t_2 IDIAP_00014
IDIAP/session_01/iPhone/00014/4_00014_f_01_01_p_2 IDIAP_00014
IDIAP/session_01/iPhone/00014/4_00014_f_01_02_p_2 IDIAP_00014
IDIAP/session_01/iPhone/00014/4_00014_f_01_03_p_2 IDIAP_00014
IDIAP/session_01/iPhone/00014/4_00014_f_01_04_p_2 IDIAP_00014
IDIAP/session_01/iPhone/00014/4_00014_f_01_05_p_2 IDIAP_00014
IDIAP/session_01/iPhone/00014/4_00014_f_01_06_p_2 IDIAP_00014
IDIAP/session_01/iPhone/00014/4_00014_f_01_07_p_2 IDIAP_00014
IDIAP/session_01/iPhone/00014/4_00014_f_01_08_p_2 IDIAP_00014
IDIAP/session_02/iPhone/00014/4_00014_f_02_01_p_2 IDIAP_00014
IDIAP/session_02/iPhone/00014/4_00014_f_02_02_p_2 IDIAP_00014
IDIAP/session_02/iPhone/00014/4_00014_f_02_03_p_2 IDIAP_00014
IDIAP/session_02/iPhone/00014/4_00014_f_02_04_p_2 IDIAP_00014
IDIAP/session_02/iPhone/00014/4_00014_f_02_05_p_2 IDIAP_00014
IDIAP/session_02/iPhone/00014/4_00014_f_02_06_p_2 IDIAP_00014
IDIAP/session_02/iPhone/00014/4_00014_f_02_07_p_2 IDIAP_00014
IDIAP/session_02/iPhone/00014/4_00014_f_02_08_p_2 IDIAP_00014
IDIAP/session_03/iPhone/00014/4_00014_f_03_01_p_2 IDIAP_00014
IDIAP/session_03/iPhone/00014/4_00014_f_03_02_p_2 IDIAP_00014
IDIAP/session_03/iPhone/00014/4_00014_f_03_03_p_2 IDIAP_00014
IDIAP/session_03/iPhone/00014/4_00014_f_03_04_p_2 IDIAP_00014
IDIAP/session_03/iPhone/00014/4_00014_f_03_05_p_2 IDIAP_00014
IDIAP/session_03/iPhone/00014/4_00014_f_03_06_p_2 IDIAP_00014
IDIAP/session_03/iPhone/00014/4_00014_f_03_07_p_2 IDIAP_00014
IDIAP/session_03/iPhone/00014/4_00014_f_03_08_p_2 IDIAP_00014
IDIAP/session_04/iPhone/00014/4_00014_f_04_01_p_2 IDIAP_00014
IDIAP/session_04/iPhone/00014/4_00014_f_04_02_p_2 IDIAP_00014
IDIAP/session_04/iPhone/00014/4_00014_f_04_03_p_2 IDIAP_00014
IDIAP/session_04/iPhone/00014/4_00014_f_04_04_p_2 IDIAP_00014
IDIAP/session_04/iPhone/00014/4_00014_f_04_05_p_2 IDIAP_00014
IDIAP/session_04/iPhone/00014/4_00014_f_04_06_p_2 IDIAP_00014
IDIAP/session_04/iPhone/00014/4_00014_f_04_07_p_2 IDIAP_00014
IDIAP/session_04/iPhone/00014/4_00014_f_04_08_p_2 IDIAP_00014
IDIAP/session_05/iPhone/00014/4_00014_f_05_01_p_2 IDIAP_00014
IDIAP/session_05/iPhone/00014/4_00014_f_05_02_p_2 IDIAP_00014
IDIAP/session_05/iPhone/00014/4_00014_f_05_03_p_2 IDIAP_00014
IDIAP/session_05/iPhone/00014/4_00014_f_05_04_p_2 IDIAP_00014
IDIAP/session_05/iPhone/00014/4_00014_f_05_05_p_2 IDIAP_00014
IDIAP/session_05/iPhone/00014/4_00014_f_05_06_p_2 IDIAP_00014
IDIAP/session_05/iPhone/00014/4_00014_f_05_07_p_2 IDIAP_00014
IDIAP/session_05/iPhone/00014/4_00014_f_05_08_p_2 IDIAP_00014
IDIAP/session_06/iPhone/00014/4_00014_f_06_01_p_2 IDIAP_00014
IDIAP/session_06/iPhone/00014/4_00014_f_06_02_p_2 IDIAP_00014
IDIAP/session_06/iPhone/00014/4_00014_f_06_03_p_2 IDIAP_00014
IDIAP/session_06/iPhone/00014/4_00014_f_06_04_p_2 IDIAP_00014
IDIAP/session_06/iPhone/00014/4_00014_f_06_05_p_2 IDIAP_00014
IDIAP/session_06/iPhone/00014/4_00014_f_06_06_p_2 IDIAP_00014
IDIAP/session_06/iPhone/00014/4_00014_f_06_07_p_2 IDIAP_00014
IDIAP/session_06/iPhone/00014/4_00014_f_06_08_p_2 IDIAP_00014
IDIAP/session_01/iPad/00015/4_00015_f_01_01_t_2 IDIAP_00015
IDIAP/session_01/iPad/00015/4_00015_f_01_02_t_2 IDIAP_00015
IDIAP/session_01/iPad/00015/4_00015_f_01_03_t_2 IDIAP_00015
IDIAP/session_01/iPad/00015/4_00015_f_01_04_t_2 IDIAP_00015
IDIAP/session_01/iPad/00015/4_00015_f_01_05_t_2 IDIAP_00015
IDIAP/session_01/iPad/00015/4_00015_f_01_06_t_2 IDIAP_00015
IDIAP/session_01/iPad/00015/4_00015_f_01_07_t_2 IDIAP_00015
IDIAP/session_01/iPad/00015/4_00015_f_01_08_t_2 IDIAP_00015
IDIAP/session_01/iPhone/00015/4_00015_f_01_01_p_2 IDIAP_00015
IDIAP/session_01/iPhone/00015/4_00015_f_01_02_p_2 IDIAP_00015
IDIAP/session_01/iPhone/00015/4_00015_f_01_03_p_2 IDIAP_00015
IDIAP/session_01/iPhone/00015/4_00015_f_01_04_p_2 IDIAP_00015
IDIAP/session_01/iPhone/00015/4_00015_f_01_05_p_2 IDIAP_00015
IDIAP/session_01/iPhone/00015/4_00015_f_01_06_p_2 IDIAP_00015
IDIAP/session_01/iPhone/00015/4_00015_f_01_07_p_2 IDIAP_00015
IDIAP/session_01/iPhone/00015/4_00015_f_01_08_p_2 IDIAP_00015
IDIAP/session_02/iPhone/00015/4_00015_f_02_01_p_2 IDIAP_00015
IDIAP/session_02/iPhone/00015/4_00015_f_02_02_p_2 IDIAP_00015
IDIAP/session_02/iPhone/00015/4_00015_f_02_03_p_2 IDIAP_00015
IDIAP/session_02/iPhone/00015/4_00015_f_02_04_p_2 IDIAP_00015
IDIAP/session_02/iPhone/00015/4_00015_f_02_05_p_2 IDIAP_00015
IDIAP/session_02/iPhone/00015/4_00015_f_02_06_p_2 IDIAP_00015
IDIAP/session_02/iPhone/00015/4_00015_f_02_07_p_2 IDIAP_00015
IDIAP/session_02/iPhone/00015/4_00015_f_02_08_p_2 IDIAP_00015
IDIAP/session_03/iPhone/00015/4_00015_f_03_01_p_2 IDIAP_00015
IDIAP/session_03/iPhone/00015/4_00015_f_03_02_p_2 IDIAP_00015
IDIAP/session_03/iPhone/00015/4_00015_f_03_03_p_2 IDIAP_00015
IDIAP/session_03/iPhone/00015/4_00015_f_03_04_p_2 IDIAP_00015
IDIAP/session_03/iPhone/00015/4_00015_f_03_05_p_2 IDIAP_00015
IDIAP/session_03/iPhone/00015/4_00015_f_03_06_p_2 IDIAP_00015
IDIAP/session_03/iPhone/00015/4_00015_f_03_07_p_2 IDIAP_00015
IDIAP/session_03/iPhone/00015/4_00015_f_03_08_p_2 IDIAP_00015
IDIAP/session_04/iPhone/00015/4_00015_f_04_01_p_2 IDIAP_00015
IDIAP/session_04/iPhone/00015/4_00015_f_04_02_p_2 IDIAP_00015
IDIAP/session_04/iPhone/00015/4_00015_f_04_03_p_2 IDIAP_00015
IDIAP/session_04/iPhone/00015/4_00015_f_04_04_p_2 IDIAP_00015
IDIAP/session_04/iPhone/00015/4_00015_f_04_05_p_2 IDIAP_00015
IDIAP/session_04/iPhone/00015/4_00015_f_04_06_p_2 IDIAP_00015
IDIAP/session_04/iPhone/00015/4_00015_f_04_07_p_2 IDIAP_00015
IDIAP/session_04/iPhone/00015/4_00015_f_04_08_p_2 IDIAP_00015
IDIAP/session_05/iPhone/00015/4_00015_f_05_01_p_2 IDIAP_00015
IDIAP/session_05/iPhone/00015/4_00015_f_05_02_p_2 IDIAP_00015
IDIAP/session_05/iPhone/00015/4_00015_f_05_03_p_2 IDIAP_00015
IDIAP/session_05/iPhone/00015/4_00015_f_05_04_p_2 IDIAP_00015
IDIAP/session_05/iPhone/00015/4_00015_f_05_05_p_2 IDIAP_00015
IDIAP/session_05/iPhone/00015/4_00015_f_05_06_p_2 IDIAP_00015
IDIAP/session_05/iPhone/00015/4_00015_f_05_07_p_2 IDIAP_00015
IDIAP/session_05/iPhone/00015/4_00015_f_05_08_p_2 IDIAP_00015
IDIAP/session_06/iPhone/00015/4_00015_f_06_01_p_2 IDIAP_00015
IDIAP/session_06/iPhone/00015/4_00015_f_06_02_p_2 IDIAP_00015
IDIAP/session_06/iPhone/00015/4_00015_f_06_03_p_2 IDIAP_00015
IDIAP/session_06/iPhone/00015/4_00015_f_06_04_p_2 IDIAP_00015
IDIAP/session_06/iPhone/00015/4_00015_f_06_05_p_2 IDIAP_00015
IDIAP/session_06/iPhone/00015/4_00015_f_06_06_p_2 IDIAP_00015
IDIAP/session_06/iPhone/00015/4_00015_f_06_07_p_2 IDIAP_00015
IDIAP/session_06/iPhone/00015/4_00015_f_06_08_p_2 IDIAP_00015
IDIAP/session_01/iPad/00016/4_00016_m_01_01_t_2 IDIAP_00016
IDIAP/session_01/iPad/00016/4_00016_m_01_02_t_2 IDIAP_00016
IDIAP/session_01/iPad/00016/4_00016_m_01_03_t_2 IDIAP_00016
IDIAP/session_01/iPad/00016/4_00016_m_01_04_t_2 IDIAP_00016
IDIAP/session_01/iPad/00016/4_00016_m_01_05_t_2 IDIAP_00016
IDIAP/session_01/iPad/00016/4_00016_m_01_06_t_2 IDIAP_00016
IDIAP/session_01/iPad/00016/4_00016_m_01_07_t_2 IDIAP_00016
IDIAP/session_01/iPad/00016/4_00016_m_01_08_t_2 IDIAP_00016
IDIAP/session_01/iPhone/00016/4_00016_m_01_01_p_2 IDIAP_00016
IDIAP/session_01/iPhone/00016/4_00016_m_01_02_p_2 IDIAP_00016
IDIAP/session_01/iPhone/00016/4_00016_m_01_03_p_2 IDIAP_00016
IDIAP/session_01/iPhone/00016/4_00016_m_01_04_p_2 IDIAP_00016
IDIAP/session_01/iPhone/00016/4_00016_m_01_05_p_2 IDIAP_00016
IDIAP/session_01/iPhone/00016/4_00016_m_01_06_p_2 IDIAP_00016
IDIAP/session_01/iPhone/00016/4_00016_m_01_07_p_2 IDIAP_00016
IDIAP/session_01/iPhone/00016/4_00016_m_01_08_p_2 IDIAP_00016
IDIAP/session_02/iPhone/00016/4_00016_m_02_01_p_2 IDIAP_00016
IDIAP/session_02/iPhone/00016/4_00016_m_02_02_p_2 IDIAP_00016
IDIAP/session_02/iPhone/00016/4_00016_m_02_03_p_2 IDIAP_00016
IDIAP/session_02/iPhone/00016/4_00016_m_02_04_p_2 IDIAP_00016
IDIAP/session_02/iPhone/00016/4_00016_m_02_05_p_2 IDIAP_00016
IDIAP/session_02/iPhone/00016/4_00016_m_02_06_p_2 IDIAP_00016
IDIAP/session_02/iPhone/00016/4_00016_m_02_07_p_2 IDIAP_00016
IDIAP/session_02/iPhone/00016/4_00016_m_02_08_p_2 IDIAP_00016
IDIAP/session_03/iPhone/00016/4_00016_m_03_01_p_2 IDIAP_00016
IDIAP/session_03/iPhone/00016/4_00016_m_03_02_p_2 IDIAP_00016
IDIAP/session_03/iPhone/00016/4_00016_m_03_03_p_2 IDIAP_00016
IDIAP/session_03/iPhone/00016/4_00016_m_03_04_p_2 IDIAP_00016
IDIAP/session_03/iPhone/00016/4_00016_m_03_05_p_2 IDIAP_00016
IDIAP/session_03/iPhone/00016/4_00016_m_03_06_p_2 IDIAP_00016
IDIAP/session_03/iPhone/00016/4_00016_m_03_07_p_2 IDIAP_00016
IDIAP/session_03/iPhone/00016/4_00016_m_03_08_p_2 IDIAP_00016
IDIAP/session_04/iPhone/00016/4_00016_m_04_01_p_2 IDIAP_00016
IDIAP/session_04/iPhone/00016/4_00016_m_04_02_p_2 IDIAP_00016
IDIAP/session_04/iPhone/00016/4_00016_m_04_03_p_2 IDIAP_00016
IDIAP/session_04/iPhone/00016/4_00016_m_04_04_p_2 IDIAP_00016
IDIAP/session_04/iPhone/00016/4_00016_m_04_05_p_2 IDIAP_00016
IDIAP/session_04/iPhone/00016/4_00016_m_04_06_p_2 IDIAP_00016
IDIAP/session_04/iPhone/00016/4_00016_m_04_07_p_2 IDIAP_00016
IDIAP/session_04/iPhone/00016/4_00016_m_04_08_p_2 IDIAP_00016
IDIAP/session_05/iPhone/00016/4_00016_m_05_01_p_2 IDIAP_00016
IDIAP/session_05/iPhone/00016/4_00016_m_05_02_p_2 IDIAP_00016
IDIAP/session_05/iPhone/00016/4_00016_m_05_03_p_2 IDIAP_00016
IDIAP/session_05/iPhone/00016/4_00016_m_05_04_p_2 IDIAP_00016
IDIAP/session_05/iPhone/00016/4_00016_m_05_05_p_2 IDIAP_00016
IDIAP/session_05/iPhone/00016/4_00016_m_05_06_p_2 IDIAP_00016
IDIAP/session_05/iPhone/00016/4_00016_m_05_07_p_2 IDIAP_00016
IDIAP/session_05/iPhone/00016/4_00016_m_05_08_p_2 IDIAP_00016
IDIAP/session_06/iPhone/00016/4_00016_m_06_01_p_2 IDIAP_00016
IDIAP/session_06/iPhone/00016/4_00016_m_06_02_p_2 IDIAP_00016
IDIAP/session_06/iPhone/00016/4_00016_m_06_03_p_2 IDIAP_00016
IDIAP/session_06/iPhone/00016/4_00016_m_06_04_p_2 IDIAP_00016
IDIAP/session_06/iPhone/00016/4_00016_m_06_05_p_2 IDIAP_00016
IDIAP/session_06/iPhone/00016/4_00016_m_06_06_p_2 IDIAP_00016
IDIAP/session_06/iPhone/00016/4_00016_m_06_07_p_2 IDIAP_00016
IDIAP/session_06/iPhone/00016/4_00016_m_06_08_p_2 IDIAP_00016
IDIAP/session_01/iPad/00017/4_00017_m_01_01_t_2 IDIAP_00017
IDIAP/session_01/iPad/00017/4_00017_m_01_02_t_2 IDIAP_00017
IDIAP/session_01/iPad/00017/4_00017_m_01_03_t_2 IDIAP_00017
IDIAP/session_01/iPad/00017/4_00017_m_01_04_t_2 IDIAP_00017
IDIAP/session_01/iPad/00017/4_00017_m_01_05_t_2 IDIAP_00017
IDIAP/session_01/iPad/00017/4_00017_m_01_06_t_2 IDIAP_00017
IDIAP/session_01/iPad/00017/4_00017_m_01_07_t_2 IDIAP_00017
IDIAP/session_01/iPad/00017/4_00017_m_01_08_t_2 IDIAP_00017
IDIAP/session_01/iPhone/00017/4_00017_m_01_01_p_2 IDIAP_00017
IDIAP/session_01/iPhone/00017/4_00017_m_01_02_p_2 IDIAP_00017
IDIAP/session_01/iPhone/00017/4_00017_m_01_03_p_2 IDIAP_00017
IDIAP/session_01/iPhone/00017/4_00017_m_01_04_p_2 IDIAP_00017
IDIAP/session_01/iPhone/00017/4_00017_m_01_05_p_2 IDIAP_00017
IDIAP/session_01/iPhone/00017/4_00017_m_01_06_p_2 IDIAP_00017
IDIAP/session_01/iPhone/00017/4_00017_m_01_07_p_2 IDIAP_00017
IDIAP/session_01/iPhone/00017/4_00017_m_01_08_p_2 IDIAP_00017
IDIAP/session_02/iPhone/00017/4_00017_m_02_01_p_2 IDIAP_00017
IDIAP/session_02/iPhone/00017/4_00017_m_02_02_p_2 IDIAP_00017
IDIAP/session_02/iPhone/00017/4_00017_m_02_03_p_2 IDIAP_00017
IDIAP/session_02/iPhone/00017/4_00017_m_02_04_p_2 IDIAP_00017
IDIAP/session_02/iPhone/00017/4_00017_m_02_05_p_2 IDIAP_00017
IDIAP/session_02/iPhone/00017/4_00017_m_02_06_p_2 IDIAP_00017
IDIAP/session_02/iPhone/00017/4_00017_m_02_07_p_2 IDIAP_00017
IDIAP/session_02/iPhone/00017/4_00017_m_02_08_p_2 IDIAP_00017
IDIAP/session_03/iPhone/00017/4_00017_m_03_01_p_2 IDIAP_00017
IDIAP/session_03/iPhone/00017/4_00017_m_03_02_p_2 IDIAP_00017
IDIAP/session_03/iPhone/00017/4_00017_m_03_03_p_2 IDIAP_00017
IDIAP/session_03/iPhone/00017/4_00017_m_03_04_p_2 IDIAP_00017
IDIAP/session_03/iPhone/00017/4_00017_m_03_05_p_2 IDIAP_00017
IDIAP/session_03/iPhone/00017/4_00017_m_03_06_p_2 IDIAP_00017
IDIAP/session_03/iPhone/00017/4_00017_m_03_07_p_2 IDIAP_00017
IDIAP/session_03/iPhone/00017/4_00017_m_03_08_p_2 IDIAP_00017
IDIAP/session_04/iPhone/00017/4_00017_m_04_01_p_2 IDIAP_00017
IDIAP/session_04/iPhone/00017/4_00017_m_04_02_p_2 IDIAP_00017
IDIAP/session_04/iPhone/00017/4_00017_m_04_03_p_2 IDIAP_00017
IDIAP/session_04/iPhone/00017/4_00017_m_04_04_p_2 IDIAP_00017
IDIAP/session_04/iPhone/00017/4_00017_m_04_05_p_2 IDIAP_00017
IDIAP/session_04/iPhone/00017/4_00017_m_04_06_p_2 IDIAP_00017
IDIAP/session_04/iPhone/00017/4_00017_m_04_07_p_2 IDIAP_00017
IDIAP/session_04/iPhone/00017/4_00017_m_04_08_p_2 IDIAP_00017
IDIAP/session_05/iPhone/00017/4_00017_m_05_01_p_2 IDIAP_00017
IDIAP/session_05/iPhone/00017/4_00017_m_05_02_p_2 IDIAP_00017
IDIAP/session_05/iPhone/00017/4_00017_m_05_03_p_2 IDIAP_00017
IDIAP/session_05/iPhone/00017/4_00017_m_05_04_p_2 IDIAP_00017
IDIAP/session_05/iPhone/00017/4_00017_m_05_05_p_2 IDIAP_00017
IDIAP/session_05/iPhone/00017/4_00017_m_05_06_p_2 IDIAP_00017
IDIAP/session_05/iPhone/00017/4_00017_m_05_07_p_2 IDIAP_00017
IDIAP/session_05/iPhone/00017/4_00017_m_05_08_p_2 IDIAP_00017
IDIAP/session_06/iPhone/00017/4_00017_m_06_01_p_2 IDIAP_00017
IDIAP/session_06/iPhone/00017/4_00017_m_06_02_p_2 IDIAP_00017
IDIAP/session_06/iPhone/00017/4_00017_m_06_03_p_2 IDIAP_00017
IDIAP/session_06/iPhone/00017/4_00017_m_06_04_p_2 IDIAP_00017
IDIAP/session_06/iPhone/00017/4_00017_m_06_05_p_2 IDIAP_00017
IDIAP/session_06/iPhone/00017/4_00017_m_06_06_p_2 IDIAP_00017
IDIAP/session_06/iPhone/00017/4_00017_m_06_07_p_2 IDIAP_00017
IDIAP/session_06/iPhone/00017/4_00017_m_06_08_p_2 IDIAP_00017
IDIAP/session_01/iPad/00018/4_00018_f_01_01_t_2 IDIAP_00018
IDIAP/session_01/iPad/00018/4_00018_f_01_02_t_2 IDIAP_00018
IDIAP/session_01/iPad/00018/4_00018_f_01_03_t_2 IDIAP_00018
IDIAP/session_01/iPad/00018/4_00018_f_01_04_t_2 IDIAP_00018
IDIAP/session_01/iPad/00018/4_00018_f_01_05_t_2 IDIAP_00018
IDIAP/session_01/iPad/00018/4_00018_f_01_06_t_2 IDIAP_00018
IDIAP/session_01/iPad/00018/4_00018_f_01_07_t_2 IDIAP_00018
IDIAP/session_01/iPad/00018/4_00018_f_01_08_t_2 IDIAP_00018
IDIAP/session_01/iPhone/00018/4_00018_f_01_01_p_2 IDIAP_00018
IDIAP/session_01/iPhone/00018/4_00018_f_01_02_p_2 IDIAP_00018
IDIAP/session_01/iPhone/00018/4_00018_f_01_03_p_2 IDIAP_00018
IDIAP/session_01/iPhone/00018/4_00018_f_01_04_p_2 IDIAP_00018
IDIAP/session_01/iPhone/00018/4_00018_f_01_05_p_2 IDIAP_00018
IDIAP/session_01/iPhone/00018/4_00018_f_01_06_p_2 IDIAP_00018
IDIAP/session_01/iPhone/00018/4_00018_f_01_07_p_2 IDIAP_00018
IDIAP/session_01/iPhone/00018/4_00018_f_01_08_p_2 IDIAP_00018
IDIAP/session_02/iPhone/00018/4_00018_f_02_01_p_2 IDIAP_00018
IDIAP/session_02/iPhone/00018/4_00018_f_02_02_p_2 IDIAP_00018
IDIAP/session_02/iPhone/00018/4_00018_f_02_03_p_2 IDIAP_00018
IDIAP/session_02/iPhone/00018/4_00018_f_02_04_p_2 IDIAP_00018
IDIAP/session_02/iPhone/00018/4_00018_f_02_05_p_2 IDIAP_00018
IDIAP/session_02/iPhone/00018/4_00018_f_02_06_p_2 IDIAP_00018
IDIAP/session_02/iPhone/00018/4_00018_f_02_07_p_2 IDIAP_00018
IDIAP/session_02/iPhone/00018/4_00018_f_02_08_p_2 IDIAP_00018
IDIAP/session_03/iPhone/00018/4_00018_f_03_01_p_2 IDIAP_00018
IDIAP/session_03/iPhone/00018/4_00018_f_03_02_p_2 IDIAP_00018
IDIAP/session_03/iPhone/00018/4_00018_f_03_03_p_2 IDIAP_00018
IDIAP/session_03/iPhone/00018/4_00018_f_03_04_p_2 IDIAP_00018
IDIAP/session_03/iPhone/00018/4_00018_f_03_05_p_2 IDIAP_00018
IDIAP/session_03/iPhone/00018/4_00018_f_03_06_p_2 IDIAP_00018
IDIAP/session_03/iPhone/00018/4_00018_f_03_07_p_2 IDIAP_00018
IDIAP/session_03/iPhone/00018/4_00018_f_03_08_p_2 IDIAP_00018
IDIAP/session_04/iPhone/00018/4_00018_f_04_01_p_2 IDIAP_00018
IDIAP/session_04/iPhone/00018/4_00018_f_04_02_p_2 IDIAP_00018
IDIAP/session_04/iPhone/00018/4_00018_f_04_03_p_2 IDIAP_00018
IDIAP/session_04/iPhone/00018/4_00018_f_04_04_p_2 IDIAP_00018
IDIAP/session_04/iPhone/00018/4_00018_f_04_05_p_2 IDIAP_00018
IDIAP/session_04/iPhone/00018/4_00018_f_04_06_p_2 IDIAP_00018
IDIAP/session_04/iPhone/00018/4_00018_f_04_07_p_2 IDIAP_00018
IDIAP/session_04/iPhone/00018/4_00018_f_04_08_p_2 IDIAP_00018
IDIAP/session_05/iPhone/00018/4_00018_f_05_01_p_2 IDIAP_00018
IDIAP/session_05/iPhone/00018/4_00018_f_05_02_p_2 IDIAP_00018
IDIAP/session_05/iPhone/00018/4_00018_f_05_03_p_2 IDIAP_00018
IDIAP/session_05/iPhone/00018/4_00018_f_05_04_p_2 IDIAP_00018
IDIAP/session_05/iPhone/00018/4_00018_f_05_05_p_2 IDIAP_00018
IDIAP/session_05/iPhone/00018/4_00018_f_05_06_p_2 IDIAP_00018
IDIAP/session_05/iPhone/00018/4_00018_f_05_07_p_2 IDIAP_00018
IDIAP/session_05/iPhone/00018/4_00018_f_05_08_p_2 IDIAP_00018
IDIAP/session_06/iPhone/00018/4_00018_f_06_01_p_2 IDIAP_00018
IDIAP/session_06/iPhone/00018/4_00018_f_06_02_p_2 IDIAP_00018
IDIAP/session_06/iPhone/00018/4_00018_f_06_03_p_2 IDIAP_00018
IDIAP/session_06/iPhone/00018/4_00018_f_06_04_p_2 IDIAP_00018
IDIAP/session_06/iPhone/00018/4_00018_f_06_05_p_2 IDIAP_00018
IDIAP/session_06/iPhone/00018/4_00018_f_06_06_p_2 IDIAP_00018
IDIAP/session_06/iPhone/00018/4_00018_f_06_07_p_2 IDIAP_00018
IDIAP/session_06/iPhone/00018/4_00018_f_06_08_p_2 IDIAP_00018
IDIAP/session_01/iPad/00019/4_00019_m_01_01_t_2 IDIAP_00019
IDIAP/session_01/iPad/00019/4_00019_m_01_02_t_2 IDIAP_00019
IDIAP/session_01/iPad/00019/4_00019_m_01_03_t_2 IDIAP_00019
IDIAP/session_01/iPad/00019/4_00019_m_01_04_t_2 IDIAP_00019
IDIAP/session_01/iPad/00019/4_00019_m_01_05_t_2 IDIAP_00019
IDIAP/session_01/iPad/00019/4_00019_m_01_06_t_2 IDIAP_00019
IDIAP/session_01/iPad/00019/4_00019_m_01_07_t_2 IDIAP_00019
IDIAP/session_01/iPad/00019/4_00019_m_01_08_t_2 IDIAP_00019
IDIAP/session_01/iPhone/00019/4_00019_m_01_01_p_2 IDIAP_00019
IDIAP/session_01/iPhone/00019/4_00019_m_01_02_p_2 IDIAP_00019
IDIAP/session_01/iPhone/00019/4_00019_m_01_03_p_2 IDIAP_00019
IDIAP/session_01/iPhone/00019/4_00019_m_01_04_p_2 IDIAP_00019
IDIAP/session_01/iPhone/00019/4_00019_m_01_05_p_2 IDIAP_00019
IDIAP/session_01/iPhone/00019/4_00019_m_01_06_p_2 IDIAP_00019
IDIAP/session_01/iPhone/00019/4_00019_m_01_07_p_2 IDIAP_00019
IDIAP/session_01/iPhone/00019/4_00019_m_01_08_p_2 IDIAP_00019
IDIAP/session_02/iPhone/00019/4_00019_m_02_01_p_2 IDIAP_00019
IDIAP/session_02/iPhone/00019/4_00019_m_02_02_p_2 IDIAP_00019
IDIAP/session_02/iPhone/00019/4_00019_m_02_03_p_2 IDIAP_00019
IDIAP/session_02/iPhone/00019/4_00019_m_02_04_p_2 IDIAP_00019
IDIAP/session_02/iPhone/00019/4_00019_m_02_05_p_2 IDIAP_00019
IDIAP/session_02/iPhone/00019/4_00019_m_02_06_p_2 IDIAP_00019
IDIAP/session_02/iPhone/00019/4_00019_m_02_07_p_2 IDIAP_00019
IDIAP/session_02/iPhone/00019/4_00019_m_02_08_p_2 IDIAP_00019
IDIAP/session_03/iPhone/00019/4_00019_m_03_01_p_2 IDIAP_00019
IDIAP/session_03/iPhone/00019/4_00019_m_03_02_p_2 IDIAP_00019
IDIAP/session_03/iPhone/00019/4_00019_m_03_03_p_2 IDIAP_00019
IDIAP/session_03/iPhone/00019/4_00019_m_03_04_p_2 IDIAP_00019
IDIAP/session_03/iPhone/00019/4_00019_m_03_05_p_2 IDIAP_00019
IDIAP/session_03/iPhone/00019/4_00019_m_03_06_p_2 IDIAP_00019
IDIAP/session_03/iPhone/00019/4_00019_m_03_07_p_2 IDIAP_00019
IDIAP/session_03/iPhone/00019/4_00019_m_03_08_p_2 IDIAP_00019
IDIAP/session_04/iPhone/00019/4_00019_m_04_01_p_2 IDIAP_00019
IDIAP/session_04/iPhone/00019/4_00019_m_04_02_p_2 IDIAP_00019
IDIAP/session_04/iPhone/00019/4_00019_m_04_03_p_2 IDIAP_00019
IDIAP/session_04/iPhone/00019/4_00019_m_04_04_p_2 IDIAP_00019
IDIAP/session_04/iPhone/00019/4_00019_m_04_05_p_2 IDIAP_00019
IDIAP/session_04/iPhone/00019/4_00019_m_04_06_p_2 IDIAP_00019
IDIAP/session_04/iPhone/00019/4_00019_m_04_07_p_2 IDIAP_00019
IDIAP/session_04/iPhone/00019/4_00019_m_04_08_p_2 IDIAP_00019
IDIAP/session_05/iPhone/00019/4_00019_m_05_01_p_2 IDIAP_00019
IDIAP/session_05/iPhone/00019/4_00019_m_05_02_p_2 IDIAP_00019
IDIAP/session_05/iPhone/00019/4_00019_m_05_03_p_2 IDIAP_00019
IDIAP/session_05/iPhone/00019/4_00019_m_05_04_p_2 IDIAP_00019
IDIAP/session_05/iPhone/00019/4_00019_m_05_05_p_2 IDIAP_00019
IDIAP/session_05/iPhone/00019/4_00019_m_05_06_p_2 IDIAP_00019
IDIAP/session_05/iPhone/00019/4_00019_m_05_07_p_2 IDIAP_00019
IDIAP/session_05/iPhone/00019/4_00019_m_05_08_p_2 IDIAP_00019
IDIAP/session_06/iPhone/00019/4_00019_m_06_01_p_2 IDIAP_00019
IDIAP/session_06/iPhone/00019/4_00019_m_06_02_p_2 IDIAP_00019
IDIAP/session_06/iPhone/00019/4_00019_m_06_03_p_2 IDIAP_00019
IDIAP/session_06/iPhone/00019/4_00019_m_06_04_p_2 IDIAP_00019
IDIAP/session_06/iPhone/00019/4_00019_m_06_05_p_2 IDIAP_00019
IDIAP/session_06/iPhone/00019/4_00019_m_06_06_p_2 IDIAP_00019
IDIAP/session_06/iPhone/00019/4_00019_m_06_07_p_2 IDIAP_00019
IDIAP/session_06/iPhone/00019/4_00019_m_06_08_p_2 IDIAP_00019
IDIAP/session_01/iPad/00020/4_00020_m_01_01_t_2 IDIAP_00020
IDIAP/session_01/iPad/00020/4_00020_m_01_02_t_2 IDIAP_00020
IDIAP/session_01/iPad/00020/4_00020_m_01_03_t_2 IDIAP_00020
IDIAP/session_01/iPad/00020/4_00020_m_01_04_t_2 IDIAP_00020
IDIAP/session_01/iPad/00020/4_00020_m_01_05_t_2 IDIAP_00020
IDIAP/session_01/iPad/00020/4_00020_m_01_06_t_2 IDIAP_00020
IDIAP/session_01/iPad/00020/4_00020_m_01_07_t_2 IDIAP_00020
IDIAP/session_01/iPad/00020/4_00020_m_01_08_t_2 IDIAP_00020
IDIAP/session_01/iPhone/00020/4_00020_m_01_01_p_2 IDIAP_00020
IDIAP/session_01/iPhone/00020/4_00020_m_01_02_p_2 IDIAP_00020
IDIAP/session_01/iPhone/00020/4_00020_m_01_03_p_2 IDIAP_00020
IDIAP/session_01/iPhone/00020/4_00020_m_01_04_p_2 IDIAP_00020
IDIAP/session_01/iPhone/00020/4_00020_m_01_05_p_2 IDIAP_00020
IDIAP/session_01/iPhone/00020/4_00020_m_01_06_p_2 IDIAP_00020
IDIAP/session_01/iPhone/00020/4_00020_m_01_07_p_2 IDIAP_00020
IDIAP/session_01/iPhone/00020/4_00020_m_01_08_p_2 IDIAP_00020
IDIAP/session_02/iPhone/00020/4_00020_m_02_01_p_2 IDIAP_00020
IDIAP/session_02/iPhone/00020/4_00020_m_02_02_p_2 IDIAP_00020
IDIAP/session_02/iPhone/00020/4_00020_m_02_03_p_2 IDIAP_00020
IDIAP/session_02/iPhone/00020/4_00020_m_02_04_p_2 IDIAP_00020
IDIAP/session_02/iPhone/00020/4_00020_m_02_05_p_2 IDIAP_00020
IDIAP/session_02/iPhone/00020/4_00020_m_02_06_p_2 IDIAP_00020
IDIAP/session_02/iPhone/00020/4_00020_m_02_07_p_2 IDIAP_00020
IDIAP/session_02/iPhone/00020/4_00020_m_02_08_p_2 IDIAP_00020
IDIAP/session_03/iPhone/00020/4_00020_m_03_01_p_2 IDIAP_00020
IDIAP/session_03/iPhone/00020/4_00020_m_03_02_p_2 IDIAP_00020
IDIAP/session_03/iPhone/00020/4_00020_m_03_03_p_2 IDIAP_00020
IDIAP/session_03/iPhone/00020/4_00020_m_03_04_p_2 IDIAP_00020
IDIAP/session_03/iPhone/00020/4_00020_m_03_05_p_2 IDIAP_00020
IDIAP/session_03/iPhone/00020/4_00020_m_03_06_p_2 IDIAP_00020
IDIAP/session_03/iPhone/00020/4_00020_m_03_07_p_2 IDIAP_00020
IDIAP/session_03/iPhone/00020/4_00020_m_03_08_p_2 IDIAP_00020
IDIAP/session_04/iPhone/00020/4_00020_m_04_01_p_2 IDIAP_00020
IDIAP/session_04/iPhone/00020/4_00020_m_04_02_p_2 IDIAP_00020
IDIAP/session_04/iPhone/00020/4_00020_m_04_03_p_2 IDIAP_00020
IDIAP/session_04/iPhone/00020/4_00020_m_04_04_p_2 IDIAP_00020
IDIAP/session_04/iPhone/00020/4_00020_m_04_05_p_2 IDIAP_00020
IDIAP/session_04/iPhone/00020/4_00020_m_04_06_p_2 IDIAP_00020
IDIAP/session_04/iPhone/00020/4_00020_m_04_07_p_2 IDIAP_00020
IDIAP/session_04/iPhone/00020/4_00020_m_04_08_p_2 IDIAP_00020
IDIAP/session_05/iPhone/00020/4_00020_m_05_01_p_2 IDIAP_00020
IDIAP/session_05/iPhone/00020/4_00020_m_05_02_p_2 IDIAP_00020
IDIAP/session_05/iPhone/00020/4_00020_m_05_03_p_2 IDIAP_00020
IDIAP/session_05/iPhone/00020/4_00020_m_05_04_p_2 IDIAP_00020
IDIAP/session_05/iPhone/00020/4_00020_m_05_05_p_2 IDIAP_00020
IDIAP/session_05/iPhone/00020/4_00020_m_05_06_p_2 IDIAP_00020
IDIAP/session_05/iPhone/00020/4_00020_m_05_07_p_2 IDIAP_00020
IDIAP/session_05/iPhone/00020/4_00020_m_05_08_p_2 IDIAP_00020
IDIAP/session_06/iPhone/00020/4_00020_m_06_01_p_2 IDIAP_00020
IDIAP/session_06/iPhone/00020/4_00020_m_06_02_p_2 IDIAP_00020
IDIAP/session_06/iPhone/00020/4_00020_m_06_03_p_2 IDIAP_00020
IDIAP/session_06/iPhone/00020/4_00020_m_06_04_p_2 IDIAP_00020
IDIAP/session_06/iPhone/00020/4_00020_m_06_05_p_2 IDIAP_00020
IDIAP/session_06/iPhone/00020/4_00020_m_06_06_p_2 IDIAP_00020
IDIAP/session_06/iPhone/00020/4_00020_m_06_07_p_2 IDIAP_00020
IDIAP/session_06/iPhone/00020/4_00020_m_06_08_p_2 IDIAP_00020
IDIAP/session_01/iPad/00021/4_00021_f_01_01_t_2 IDIAP_00021
IDIAP/session_01/iPad/00021/4_00021_f_01_02_t_2 IDIAP_00021
IDIAP/session_01/iPad/00021/4_00021_f_01_03_t_2 IDIAP_00021
IDIAP/session_01/iPad/00021/4_00021_f_01_04_t_2 IDIAP_00021
IDIAP/session_01/iPad/00021/4_00021_f_01_05_t_2 IDIAP_00021
IDIAP/session_01/iPad/00021/4_00021_f_01_06_t_2 IDIAP_00021
IDIAP/session_01/iPad/00021/4_00021_f_01_07_t_2 IDIAP_00021
IDIAP/session_01/iPad/00021/4_00021_f_01_08_t_2 IDIAP_00021
IDIAP/session_01/iPhone/00021/4_00021_f_01_01_p_2 IDIAP_00021
IDIAP/session_01/iPhone/00021/4_00021_f_01_02_p_2 IDIAP_00021
IDIAP/session_01/iPhone/00021/4_00021_f_01_03_p_2 IDIAP_00021
IDIAP/session_01/iPhone/00021/4_00021_f_01_04_p_2 IDIAP_00021
IDIAP/session_01/iPhone/00021/4_00021_f_01_05_p_2 IDIAP_00021
IDIAP/session_01/iPhone/00021/4_00021_f_01_06_p_2 IDIAP_00021
IDIAP/session_01/iPhone/00021/4_00021_f_01_07_p_2 IDIAP_00021
IDIAP/session_01/iPhone/00021/4_00021_f_01_08_p_2 IDIAP_00021
IDIAP/session_02/iPhone/00021/4_00021_f_02_01_p_2 IDIAP_00021
IDIAP/session_02/iPhone/00021/4_00021_f_02_02_p_2 IDIAP_00021
IDIAP/session_02/iPhone/00021/4_00021_f_02_03_p_2 IDIAP_00021
IDIAP/session_02/iPhone/00021/4_00021_f_02_04_p_2 IDIAP_00021
IDIAP/session_02/iPhone/00021/4_00021_f_02_05_p_2 IDIAP_00021
IDIAP/session_02/iPhone/00021/4_00021_f_02_06_p_2 IDIAP_00021
IDIAP/session_02/iPhone/00021/4_00021_f_02_07_p_2 IDIAP_00021
IDIAP/session_02/iPhone/00021/4_00021_f_02_08_p_2 IDIAP_00021
IDIAP/session_03/iPhone/00021/4_00021_f_03_01_p_2 IDIAP_00021
IDIAP/session_03/iPhone/00021/4_00021_f_03_02_p_2 IDIAP_00021
IDIAP/session_03/iPhone/00021/4_00021_f_03_03_p_2 IDIAP_00021
IDIAP/session_03/iPhone/00021/4_00021_f_03_04_p_2 IDIAP_00021
IDIAP/session_03/iPhone/00021/4_00021_f_03_05_p_2 IDIAP_00021
IDIAP/session_03/iPhone/00021/4_00021_f_03_06_p_2 IDIAP_00021
IDIAP/session_03/iPhone/00021/4_00021_f_03_07_p_2 IDIAP_00021
IDIAP/session_03/iPhone/00021/4_00021_f_03_08_p_2 IDIAP_00021
IDIAP/session_04/iPhone/00021/4_00021_f_04_01_p_2 IDIAP_00021
IDIAP/session_04/iPhone/00021/4_00021_f_04_02_p_2 IDIAP_00021
IDIAP/session_04/iPhone/00021/4_00021_f_04_03_p_2 IDIAP_00021
IDIAP/session_04/iPhone/00021/4_00021_f_04_04_p_2 IDIAP_00021
IDIAP/session_04/iPhone/00021/4_00021_f_04_05_p_2 IDIAP_00021
IDIAP/session_04/iPhone/00021/4_00021_f_04_06_p_2 IDIAP_00021
IDIAP/session_04/iPhone/00021/4_00021_f_04_07_p_2 IDIAP_00021
IDIAP/session_04/iPhone/00021/4_00021_f_04_08_p_2 IDIAP_00021
IDIAP/session_05/iPhone/00021/4_00021_f_05_01_p_2 IDIAP_00021
IDIAP/session_05/iPhone/00021/4_00021_f_05_02_p_2 IDIAP_00021
IDIAP/session_05/iPhone/00021/4_00021_f_05_03_p_2 IDIAP_00021
IDIAP/session_05/iPhone/00021/4_00021_f_05_04_p_2 IDIAP_00021
IDIAP/session_05/iPhone/00021/4_00021_f_05_05_p_2 IDIAP_00021
IDIAP/session_05/iPhone/00021/4_00021_f_05_06_p_2 IDIAP_00021
IDIAP/session_05/iPhone/00021/4_00021_f_05_07_p_2 IDIAP_00021
IDIAP/session_05/iPhone/00021/4_00021_f_05_08_p_2 IDIAP_00021
IDIAP/session_06/iPhone/00021/4_00021_f_06_01_p_2 IDIAP_00021
IDIAP/session_06/iPhone/00021/4_00021_f_06_02_p_2 IDIAP_00021
IDIAP/session_06/iPhone/00021/4_00021_f_06_03_p_2 IDIAP_00021
IDIAP/session_06/iPhone/00021/4_00021_f_06_04_p_2 IDIAP_00021
IDIAP/session_06/iPhone/00021/4_00021_f_06_05_p_2 IDIAP_00021
IDIAP/session_06/iPhone/00021/4_00021_f_06_06_p_2 IDIAP_00021
IDIAP/session_06/iPhone/00021/4_00021_f_06_07_p_2 IDIAP_00021
IDIAP/session_06/iPhone/00021/4_00021_f_06_08_p_2 IDIAP_00021
IDIAP/session_01/iPad/00022/4_00022_f_01_01_t_2 IDIAP_00022
IDIAP/session_01/iPad/00022/4_00022_f_01_02_t_2 IDIAP_00022
IDIAP/session_01/iPad/00022/4_00022_f_01_03_t_2 IDIAP_00022
IDIAP/session_01/iPad/00022/4_00022_f_01_04_t_2 IDIAP_00022
IDIAP/session_01/iPad/00022/4_00022_f_01_05_t_2 IDIAP_00022
IDIAP/session_01/iPad/00022/4_00022_f_01_06_t_2 IDIAP_00022
IDIAP/session_01/iPad/00022/4_00022_f_01_07_t_2 IDIAP_00022
IDIAP/session_01/iPad/00022/4_00022_f_01_08_t_2 IDIAP_00022
IDIAP/session_01/iPhone/00022/4_00022_f_01_01_p_2 IDIAP_00022
IDIAP/session_01/iPhone/00022/4_00022_f_01_02_p_2 IDIAP_00022
IDIAP/session_01/iPhone/00022/4_00022_f_01_03_p_2 IDIAP_00022
IDIAP/session_01/iPhone/00022/4_00022_f_01_04_p_2 IDIAP_00022
IDIAP/session_01/iPhone/00022/4_00022_f_01_05_p_2 IDIAP_00022
IDIAP/session_01/iPhone/00022/4_00022_f_01_06_p_2 IDIAP_00022
IDIAP/session_01/iPhone/00022/4_00022_f_01_07_p_2 IDIAP_00022
IDIAP/session_01/iPhone/00022/4_00022_f_01_08_p_2 IDIAP_00022
IDIAP/session_02/iPhone/00022/4_00022_f_02_01_p_2 IDIAP_00022
IDIAP/session_02/iPhone/00022/4_00022_f_02_02_p_2 IDIAP_00022
IDIAP/session_02/iPhone/00022/4_00022_f_02_03_p_2 IDIAP_00022
IDIAP/session_02/iPhone/00022/4_00022_f_02_04_p_2 IDIAP_00022
IDIAP/session_02/iPhone/00022/4_00022_f_02_05_p_2 IDIAP_00022
IDIAP/session_02/iPhone/00022/4_00022_f_02_06_p_2 IDIAP_00022
IDIAP/session_02/iPhone/00022/4_00022_f_02_07_p_2 IDIAP_00022
IDIAP/session_02/iPhone/00022/4_00022_f_02_08_p_2 IDIAP_00022
IDIAP/session_03/iPhone/00022/4_00022_f_03_01_p_2 IDIAP_00022
IDIAP/session_03/iPhone/00022/4_00022_f_03_02_p_2 IDIAP_00022
IDIAP/session_03/iPhone/00022/4_00022_f_03_03_p_2 IDIAP_00022
IDIAP/session_03/iPhone/00022/4_00022_f_03_04_p_2 IDIAP_00022
IDIAP/session_03/iPhone/00022/4_00022_f_03_05_p_2 IDIAP_00022
IDIAP/session_03/iPhone/00022/4_00022_f_03_06_p_2 IDIAP_00022
IDIAP/session_03/iPhone/00022/4_00022_f_03_07_p_2 IDIAP_00022
IDIAP/session_03/iPhone/00022/4_00022_f_03_08_p_2 IDIAP_00022
IDIAP/session_04/iPhone/00022/4_00022_f_04_01_p_2 IDIAP_00022
IDIAP/session_04/iPhone/00022/4_00022_f_04_02_p_2 IDIAP_00022
IDIAP/session_04/iPhone/00022/4_00022_f_04_03_p_2 IDIAP_00022
IDIAP/session_04/iPhone/00022/4_00022_f_04_04_p_2 IDIAP_00022
IDIAP/session_04/iPhone/00022/4_00022_f_04_05_p_2 IDIAP_00022
IDIAP/session_04/iPhone/00022/4_00022_f_04_06_p_2 IDIAP_00022
IDIAP/session_04/iPhone/00022/4_00022_f_04_07_p_2 IDIAP_00022
IDIAP/session_04/iPhone/00022/4_00022_f_04_08_p_2 IDIAP_00022
IDIAP/session_05/iPhone/00022/4_00022_f_05_01_p_2 IDIAP_00022
IDIAP/session_05/iPhone/00022/4_00022_f_05_02_p_2 IDIAP_00022
IDIAP/session_05/iPhone/00022/4_00022_f_05_03_p_2 IDIAP_00022
IDIAP/session_05/iPhone/00022/4_00022_f_05_04_p_2 IDIAP_00022
IDIAP/session_05/iPhone/00022/4_00022_f_05_05_p_2 IDIAP_00022
IDIAP/session_05/iPhone/00022/4_00022_f_05_06_p_2 IDIAP_00022
IDIAP/session_05/iPhone/00022/4_00022_f_05_07_p_2 IDIAP_00022
IDIAP/session_05/iPhone/00022/4_00022_f_05_08_p_2 IDIAP_00022
IDIAP/session_06/iPhone/00022/4_00022_f_06_01_p_2 IDIAP_00022
IDIAP/session_06/iPhone/00022/4_00022_f_06_02_p_2 IDIAP_00022
IDIAP/session_06/iPhone/00022/4_00022_f_06_03_p_2 IDIAP_00022
IDIAP/session_06/iPhone/00022/4_00022_f_06_04_p_2 IDIAP_00022
IDIAP/session_06/iPhone/00022/4_00022_f_06_05_p_2 IDIAP_00022
IDIAP/session_06/iPhone/00022/4_00022_f_06_06_p_2 IDIAP_00022
IDIAP/session_06/iPhone/00022/4_00022_f_06_07_p_2 IDIAP_00022
IDIAP/session_06/iPhone/00022/4_00022_f_06_08_p_2 IDIAP_00022
IDIAP/session_01/iPad/00024/4_00024_m_01_01_t_2 IDIAP_00024
IDIAP/session_01/iPad/00024/4_00024_m_01_02_t_2 IDIAP_00024
IDIAP/session_01/iPad/00024/4_00024_m_01_03_t_2 IDIAP_00024
IDIAP/session_01/iPad/00024/4_00024_m_01_04_t_2 IDIAP_00024
IDIAP/session_01/iPad/00024/4_00024_m_01_05_t_2 IDIAP_00024
IDIAP/session_01/iPad/00024/4_00024_m_01_06_t_2 IDIAP_00024
IDIAP/session_01/iPad/00024/4_00024_m_01_07_t_2 IDIAP_00024
IDIAP/session_01/iPad/00024/4_00024_m_01_08_t_2 IDIAP_00024
IDIAP/session_01/iPhone/00024/4_00024_m_01_01_p_2 IDIAP_00024
IDIAP/session_01/iPhone/00024/4_00024_m_01_02_p_2 IDIAP_00024
IDIAP/session_01/iPhone/00024/4_00024_m_01_03_p_2 IDIAP_00024
IDIAP/session_01/iPhone/00024/4_00024_m_01_04_p_2 IDIAP_00024
IDIAP/session_01/iPhone/00024/4_00024_m_01_05_p_2 IDIAP_00024
IDIAP/session_01/iPhone/00024/4_00024_m_01_06_p_2 IDIAP_00024
IDIAP/session_01/iPhone/00024/4_00024_m_01_07_p_2 IDIAP_00024
IDIAP/session_01/iPhone/00024/4_00024_m_01_08_p_2 IDIAP_00024
IDIAP/session_02/iPhone/00024/4_00024_m_02_01_p_2 IDIAP_00024
IDIAP/session_02/iPhone/00024/4_00024_m_02_02_p_2 IDIAP_00024
IDIAP/session_02/iPhone/00024/4_00024_m_02_03_p_2 IDIAP_00024
IDIAP/session_02/iPhone/00024/4_00024_m_02_04_p_2 IDIAP_00024
IDIAP/session_02/iPhone/00024/4_00024_m_02_05_p_2 IDIAP_00024
IDIAP/session_02/iPhone/00024/4_00024_m_02_06_p_2 IDIAP_00024
IDIAP/session_02/iPhone/00024/4_00024_m_02_07_p_2 IDIAP_00024
IDIAP/session_02/iPhone/00024/4_00024_m_02_08_p_2 IDIAP_00024
IDIAP/session_03/iPhone/00024/4_00024_m_03_01_p_2 IDIAP_00024
IDIAP/session_03/iPhone/00024/4_00024_m_03_02_p_2 IDIAP_00024
IDIAP/session_03/iPhone/00024/4_00024_m_03_03_p_2 IDIAP_00024
IDIAP/session_03/iPhone/00024/4_00024_m_03_04_p_2 IDIAP_00024
IDIAP/session_03/iPhone/00024/4_00024_m_03_05_p_2 IDIAP_00024
IDIAP/session_03/iPhone/00024/4_00024_m_03_06_p_2 IDIAP_00024
IDIAP/session_03/iPhone/00024/4_00024_m_03_07_p_2 IDIAP_00024
IDIAP/session_03/iPhone/00024/4_00024_m_03_08_p_2 IDIAP_00024
IDIAP/session_04/iPhone/00024/4_00024_m_04_01_p_2 IDIAP_00024
IDIAP/session_04/iPhone/00024/4_00024_m_04_02_p_2 IDIAP_00024
IDIAP/session_04/iPhone/00024/4_00024_m_04_03_p_2 IDIAP_00024
IDIAP/session_04/iPhone/00024/4_00024_m_04_04_p_2 IDIAP_00024
IDIAP/session_04/iPhone/00024/4_00024_m_04_05_p_2 IDIAP_00024
IDIAP/session_04/iPhone/00024/4_00024_m_04_06_p_2 IDIAP_00024
IDIAP/session_04/iPhone/00024/4_00024_m_04_07_p_2 IDIAP_00024
IDIAP/session_04/iPhone/00024/4_00024_m_04_08_p_2 IDIAP_00024
IDIAP/session_05/iPhone/00024/4_00024_m_05_01_p_2 IDIAP_00024
IDIAP/session_05/iPhone/00024/4_00024_m_05_02_p_2 IDIAP_00024
IDIAP/session_05/iPhone/00024/4_00024_m_05_03_p_2 IDIAP_00024
IDIAP/session_05/iPhone/00024/4_00024_m_05_04_p_2 IDIAP_00024
IDIAP/session_05/iPhone/00024/4_00024_m_05_05_p_2 IDIAP_00024
IDIAP/session_05/iPhone/00024/4_00024_m_05_06_p_2 IDIAP_00024
IDIAP/session_05/iPhone/00024/4_00024_m_05_07_p_2 IDIAP_00024
IDIAP/session_05/iPhone/00024/4_00024_m_05_08_p_2 IDIAP_00024
IDIAP/session_06/iPhone/00024/4_00024_m_06_01_p_2 IDIAP_00024
IDIAP/session_06/iPhone/00024/4_00024_m_06_02_p_2 IDIAP_00024
IDIAP/session_06/iPhone/00024/4_00024_m_06_03_p_2 IDIAP_00024
IDIAP/session_06/iPhone/00024/4_00024_m_06_04_p_2 IDIAP_00024
IDIAP/session_06/iPhone/00024/4_00024_m_06_05_p_2 IDIAP_00024
IDIAP/session_06/iPhone/00024/4_00024_m_06_06_p_2 IDIAP_00024
IDIAP/session_06/iPhone/00024/4_00024_m_06_07_p_2 IDIAP_00024
IDIAP/session_06/iPhone/00024/4_00024_m_06_08_p_2 IDIAP_00024
