pa-database/Face/PA.F.1/1_00002_m_01_01_p_1.mp4 NTNU_00002 PA.F.1
pa-database/Face/PA.F.1/1_00003_m_01_01_p_1.mp4 NTNU_00003 PA.F.1
pa-database/Face/PA.F.1/1_00005_f_01_01_p_1.mp4 NTNU_00005 PA.F.1
pa-database/Face/PA.F.1/1_00006_m_01_01_p_1.mp4 NTNU_00006 PA.F.1
pa-database/Face/PA.F.1/1_00007_f_01_01_p_1.mp4 NTNU_00007 PA.F.1
pa-database/Face/PA.F.1/1_00012_m_01_01_p_1.mp4 NTNU_00012 PA.F.1
pa-database/Face/PA.F.1/1_00014_m_01_01_p_1.mp4 NTNU_00014 PA.F.1
pa-database/Face/PA.F.1/1_00015_m_01_01_p_1.mp4 NTNU_00015 PA.F.1
pa-database/Face/PA.F.1/1_00018_f_01_01_p_1.mp4 NTNU_00018 PA.F.1
pa-database/Face/PA.F.1/1_00020_m_01_01_p_1.mp4 NTNU_00020 PA.F.1
pa-database/Face/PA.F.1/1_00023_m_01_01_p_1.mp4 NTNU_00023 PA.F.1
pa-database/Face/PA.F.1/1_00024_m_01_01_p_1.mp4 NTNU_00024 PA.F.1
pa-database/Face/PA.F.1/1_00027_m_01_01_p_1.mp4 NTNU_00027 PA.F.1
pa-database/Face/PA.F.1/1_00028_m_01_01_p_1.mp4 NTNU_00028 PA.F.1
pa-database/Face/PA.F.1/1_00030_m_01_01_p_1.mp4 NTNU_00030 PA.F.1
pa-database/Face/PA.F.1/1_00032_m_01_01_p_1.mp4 NTNU_00032 PA.F.1
pa-database/Face/PA.F.1/1_00034_m_01_01_p_1.mp4 NTNU_00034 PA.F.1
pa-database/Face/PA.F.1/1_00035_m_01_01_p_1.mp4 NTNU_00035 PA.F.1
pa-database/Face/PA.F.1/1_00036_f_01_01_p_1.mp4 NTNU_00036 PA.F.1
pa-database/Face/PA.F.1/1_00037_f_01_01_p_1.mp4 NTNU_00037 PA.F.1
pa-database/Face/PA.F.1/1_00038_f_01_01_p_1.mp4 NTNU_00038 PA.F.1
pa-database/Face/PA.F.1/1_00039_m_01_01_p_1.mp4 NTNU_00039 PA.F.1
pa-database/Face/PA.F.1/1_00041_m_01_01_p_1.mp4 NTNU_00041 PA.F.1
pa-database/Face/PA.F.1/1_00043_f_01_01_p_1.mp4 NTNU_00043 PA.F.1
pa-database/Face/PA.F.1/1_00044_m_01_01_p_1.mp4 NTNU_00044 PA.F.1
pa-database/Face/PA.F.1/1_00046_m_01_01_p_1.mp4 NTNU_00046 PA.F.1
pa-database/Face/PA.F.1/1_00051_m_01_01_p_1.mp4 NTNU_00051 PA.F.1
pa-database/Face/PA.F.1/1_00052_f_01_01_p_1.mp4 NTNU_00052 PA.F.1
pa-database/Face/PA.F.1/1_00054_m_01_01_p_1.mp4 NTNU_00054 PA.F.1
pa-database/Face/PA.F.1/3_00001_f_01_01_p_1.mp4 MPH-FRA_00001 PA.F.1
pa-database/Face/PA.F.1/3_00003_f_01_01_p_1.mp4 MPH-FRA_00003 PA.F.1
pa-database/Face/PA.F.1/3_00005_m_01_01_p_1.mp4 MPH-FRA_00005 PA.F.1
pa-database/Face/PA.F.1/4_00001_m_01_01_p_1.mp4 IDIAP_00001 PA.F.1
pa-database/Face/PA.F.1/4_00002_f_01_01_p_1.mp4 IDIAP_00002 PA.F.1
pa-database/Face/PA.F.1/4_00005_m_01_01_p_1.mp4 IDIAP_00005 PA.F.1
pa-database/Face/PA.F.1/4_00010_m_01_01_p_1.mp4 IDIAP_00010 PA.F.1
pa-database/Face/PA.F.1/4_00012_m_01_01_p_1.mp4 IDIAP_00012 PA.F.1
pa-database/Face/PA.F.1/4_00014_f_01_01_p_1.mp4 IDIAP_00014 PA.F.1
pa-database/Face/PA.F.1/4_00015_f_01_01_p_1.mp4 IDIAP_00015 PA.F.1
pa-database/Face/PA.F.1/4_00019_m_01_01_p_1.mp4 IDIAP_00019 PA.F.1
pa-database/Face/PA.F.1/4_00025_m_01_01_p_1.mp4 IDIAP_00025 PA.F.1
pa-database/Face/PA.F.1/4_00026_m_01_01_p_1.mp4 IDIAP_00026 PA.F.1
pa-database/Face/PA.F.1/4_00027_m_01_01_p_1.mp4 IDIAP_00027 PA.F.1
pa-database/Face/PA.F.1/4_00028_m_01_01_p_1.mp4 IDIAP_00028 PA.F.1
pa-database/Face/PA.F.1/4_00030_m_01_01_p_1.mp4 IDIAP_00030 PA.F.1
pa-database/Face/PA.F.1/4_00031_m_01_01_p_1.mp4 IDIAP_00031 PA.F.1
pa-database/Face/PA.F.1/4_00033_m_01_01_p_1.mp4 IDIAP_00033 PA.F.1
pa-database/Face/PA.F.1/4_00040_m_01_01_p_1.mp4 IDIAP_00040 PA.F.1
pa-database/Face/PA.F.1/4_00041_m_01_01_p_1.mp4 IDIAP_00041 PA.F.1
pa-database/Face/PA.F.1/4_00043_f_01_01_p_1.mp4 IDIAP_00043 PA.F.1
pa-database/Face/PA.F.1/4_00046_f_01_01_p_1.mp4 IDIAP_00046 PA.F.1
pa-database/Face/PA.F.1/4_00049_m_01_01_p_1.mp4 IDIAP_00049 PA.F.1
pa-database/Face/PA.F.1/4_00054_f_01_01_p_1.mp4 IDIAP_00054 PA.F.1
pa-database/Face/PA.F.1/4_00055_m_01_01_p_1.mp4 IDIAP_00055 PA.F.1
pa-database/Face/PA.F.1/4_00058_f_01_01_p_1.mp4 IDIAP_00058 PA.F.1
pa-database/Face/PA.F.1/4_00060_f_01_01_p_1.mp4 IDIAP_00060 PA.F.1
pa-database/Face/PA.F.1/6_00001_m_01_01_p_1.mp4 MPH-IND_00001 PA.F.1
pa-database/Face/PA.F.1/6_00004_f_01_01_p_1.mp4 MPH-IND_00004 PA.F.1
pa-database/Face/PA.F.1/6_00005_m_01_01_p_1.mp4 MPH-IND_00005 PA.F.1
pa-database/Face/PA.F.1/6_00007_m_01_01_p_1.mp4 MPH-IND_00007 PA.F.1
pa-database/Face/PA.F.1/6_00008_m_01_01_p_1.mp4 MPH-IND_00008 PA.F.1
pa-database/Face/PA.F.1/6_00012_f_01_01_p_1.mp4 MPH-IND_00012 PA.F.1
pa-database/Face/PA.F.1/6_00014_m_01_01_p_1.mp4 MPH-IND_00014 PA.F.1
pa-database/Face/PA.F.1/6_00017_m_01_01_p_1.mp4 MPH-IND_00017 PA.F.1
pa-database/Face/PA.F.1/6_00018_f_01_01_p_1.mp4 MPH-IND_00018 PA.F.1
pa-database/Face/PA.F.1/6_00025_f_01_01_p_1.mp4 MPH-IND_00025 PA.F.1
pa-database/Face/PA.F.1/6_00031_m_01_01_p_1.mp4 MPH-IND_00031 PA.F.1
pa-database/Face/PA.F.1/6_00032_f_01_01_p_1.mp4 MPH-IND_00032 PA.F.1
pa-database/Face/PA.F.1/6_00034_f_01_01_p_1.mp4 MPH-IND_00034 PA.F.1
pa-database/Face/PA.F.1/6_00037_f_01_01_p_1.mp4 MPH-IND_00037 PA.F.1
pa-database/Face/PA.F.1/6_00040_m_01_01_p_1.mp4 MPH-IND_00040 PA.F.1
pa-database/Face/PA.F.1/6_00041_m_01_01_p_1.mp4 MPH-IND_00041 PA.F.1
pa-database/Face/PA.F.1/6_00044_m_01_01_p_1.mp4 MPH-IND_00044 PA.F.1
pa-database/Face/PA.F.1/6_00045_f_01_01_p_1.mp4 MPH-IND_00045 PA.F.1
pa-database/Face/PA.F.1/6_00055_m_01_01_p_1.mp4 MPH-IND_00055 PA.F.1