pa-database/Face/PA.F.1/1_1_00001_m_01_01_p_1.mp4 NTNU_00001 PA.F.1
pa-database/Face/PA.F.1/1_1_00004_m_01_01_p_1.mp4 NTNU_00004 PA.F.1
pa-database/Face/PA.F.1/1_1_00007_f_01_01_p_1.mp4 NTNU_00007 PA.F.1
pa-database/Face/PA.F.1/1_1_00010_m_01_01_p_1.mp4 NTNU_00010 PA.F.1
pa-database/Face/PA.F.1/1_1_00013_m_01_01_p_1.mp4 NTNU_00013 PA.F.1
pa-database/Face/PA.F.1/1_1_00015_m_01_01_p_1.mp4 NTNU_00015 PA.F.1
pa-database/Face/PA.F.1/1_1_00020_m_01_01_p_1.mp4 NTNU_00020 PA.F.1
pa-database/Face/PA.F.1/1_1_00021_m_01_01_p_1.mp4 NTNU_00021 PA.F.1
pa-database/Face/PA.F.1/1_1_00022_f_01_01_p_1.mp4 NTNU_00022 PA.F.1
pa-database/Face/PA.F.1/1_1_00024_m_01_01_p_1.mp4 NTNU_00024 PA.F.1
pa-database/Face/PA.F.1/1_1_00026_m_01_01_p_1.mp4 NTNU_00026 PA.F.1
pa-database/Face/PA.F.1/1_1_00027_m_01_01_p_1.mp4 NTNU_00027 PA.F.1
pa-database/Face/PA.F.1/1_1_00028_m_01_01_p_1.mp4 NTNU_00028 PA.F.1
pa-database/Face/PA.F.1/1_1_00030_m_01_01_p_1.mp4 NTNU_00030 PA.F.1
pa-database/Face/PA.F.1/1_1_00032_m_01_01_p_1.mp4 NTNU_00032 PA.F.1
pa-database/Face/PA.F.1/1_1_00035_m_01_01_p_1.mp4 NTNU_00035 PA.F.1
pa-database/Face/PA.F.1/1_1_00041_m_01_01_p_1.mp4 NTNU_00041 PA.F.1
pa-database/Face/PA.F.1/1_1_00042_f_01_01_p_1.mp4 NTNU_00042 PA.F.1
pa-database/Face/PA.F.1/1_1_00043_f_01_01_p_1.mp4 NTNU_00043 PA.F.1
pa-database/Face/PA.F.1/1_1_00045_m_01_01_p_1.mp4 NTNU_00045 PA.F.1
pa-database/Face/PA.F.1/1_1_00046_m_01_01_p_1.mp4 NTNU_00046 PA.F.1
pa-database/Face/PA.F.1/1_1_00053_m_01_01_p_1.mp4 NTNU_00053 PA.F.1
pa-database/Face/PA.F.1/1_3_00002_m_01_01_p_1.mp4 MPH-FRA_00002 PA.F.1
pa-database/Face/PA.F.1/1_3_00003_f_01_01_p_1.mp4 MPH-FRA_00003 PA.F.1
pa-database/Face/PA.F.1/1_3_00006_m_01_01_p_1.mp4 MPH-FRA_00006 PA.F.1
pa-database/Face/PA.F.1/1_3_00007_m_01_01_p_1.mp4 MPH-FRA_00007 PA.F.1
pa-database/Face/PA.F.1/1_4_00002_f_01_01_p_1.mp4 IDIAP_00002 PA.F.1
pa-database/Face/PA.F.1/1_4_00003_m_01_01_p_1.mp4 IDIAP_00003 PA.F.1
pa-database/Face/PA.F.1/1_4_00005_m_01_01_p_1.mp4 IDIAP_00005 PA.F.1
pa-database/Face/PA.F.1/1_4_00006_m_01_01_p_1.mp4 IDIAP_00006 PA.F.1
pa-database/Face/PA.F.1/1_4_00013_m_01_01_p_1.mp4 IDIAP_00013 PA.F.1
pa-database/Face/PA.F.1/1_4_00015_f_01_01_p_1.mp4 IDIAP_00015 PA.F.1
pa-database/Face/PA.F.1/1_4_00017_m_01_01_p_1.mp4 IDIAP_00017 PA.F.1
pa-database/Face/PA.F.1/1_4_00020_m_01_01_p_1.mp4 IDIAP_00020 PA.F.1
pa-database/Face/PA.F.1/1_4_00022_f_01_01_p_1.mp4 IDIAP_00022 PA.F.1
pa-database/Face/PA.F.1/1_4_00024_m_01_01_p_1.mp4 IDIAP_00024 PA.F.1
pa-database/Face/PA.F.1/1_4_00027_m_01_01_p_1.mp4 IDIAP_00027 PA.F.1
pa-database/Face/PA.F.1/1_4_00028_m_01_01_p_1.mp4 IDIAP_00028 PA.F.1
pa-database/Face/PA.F.1/1_4_00030_m_01_01_p_1.mp4 IDIAP_00030 PA.F.1
pa-database/Face/PA.F.1/1_4_00031_m_01_01_p_1.mp4 IDIAP_00031 PA.F.1
pa-database/Face/PA.F.1/1_4_00032_m_01_01_p_1.mp4 IDIAP_00032 PA.F.1
pa-database/Face/PA.F.1/1_4_00033_m_01_01_p_1.mp4 IDIAP_00033 PA.F.1
pa-database/Face/PA.F.1/1_4_00036_f_01_01_p_1.mp4 IDIAP_00036 PA.F.1
pa-database/Face/PA.F.1/1_4_00038_f_01_01_p_1.mp4 IDIAP_00038 PA.F.1
pa-database/Face/PA.F.1/1_4_00039_m_01_01_p_1.mp4 IDIAP_00039 PA.F.1
pa-database/Face/PA.F.1/1_4_00040_m_01_01_p_1.mp4 IDIAP_00040 PA.F.1
pa-database/Face/PA.F.1/1_4_00047_m_01_01_p_1.mp4 IDIAP_00047 PA.F.1
pa-database/Face/PA.F.1/1_4_00050_f_01_01_p_1.mp4 IDIAP_00050 PA.F.1
pa-database/Face/PA.F.1/1_4_00052_f_01_01_p_1.mp4 IDIAP_00052 PA.F.1
pa-database/Face/PA.F.1/1_4_00054_f_01_01_p_1.mp4 IDIAP_00054 PA.F.1
pa-database/Face/PA.F.1/1_4_00059_m_01_01_p_1.mp4 IDIAP_00059 PA.F.1
pa-database/Face/PA.F.1/1_6_00001_m_01_01_p_1.mp4 MPH-IND_00001 PA.F.1
pa-database/Face/PA.F.1/1_6_00002_m_01_01_p_1.mp4 MPH-IND_00002 PA.F.1
pa-database/Face/PA.F.1/1_6_00004_f_01_01_p_1.mp4 MPH-IND_00004 PA.F.1
pa-database/Face/PA.F.1/1_6_00005_m_01_01_p_1.mp4 MPH-IND_00005 PA.F.1
pa-database/Face/PA.F.1/1_6_00006_f_01_01_p_1.mp4 MPH-IND_00006 PA.F.1
pa-database/Face/PA.F.1/1_6_00007_m_01_01_p_1.mp4 MPH-IND_00007 PA.F.1
pa-database/Face/PA.F.1/1_6_00010_m_01_01_p_1.mp4 MPH-IND_00010 PA.F.1
pa-database/Face/PA.F.1/1_6_00012_f_01_01_p_1.mp4 MPH-IND_00012 PA.F.1
pa-database/Face/PA.F.1/1_6_00013_m_01_01_p_1.mp4 MPH-IND_00013 PA.F.1
pa-database/Face/PA.F.1/1_6_00015_f_01_01_p_1.mp4 MPH-IND_00015 PA.F.1
pa-database/Face/PA.F.1/1_6_00023_f_01_01_p_1.mp4 MPH-IND_00023 PA.F.1
pa-database/Face/PA.F.1/1_6_00024_m_01_01_p_1.mp4 MPH-IND_00024 PA.F.1
pa-database/Face/PA.F.1/1_6_00026_m_01_01_p_1.mp4 MPH-IND_00026 PA.F.1
pa-database/Face/PA.F.1/1_6_00028_m_01_01_p_1.mp4 MPH-IND_00028 PA.F.1
pa-database/Face/PA.F.1/1_6_00030_m_01_01_p_1.mp4 MPH-IND_00030 PA.F.1
pa-database/Face/PA.F.1/1_6_00032_f_01_01_p_1.mp4 MPH-IND_00032 PA.F.1
pa-database/Face/PA.F.1/1_6_00033_f_01_01_p_1.mp4 MPH-IND_00033 PA.F.1
pa-database/Face/PA.F.1/1_6_00036_m_01_01_p_1.mp4 MPH-IND_00036 PA.F.1
pa-database/Face/PA.F.1/1_6_00037_f_01_01_p_1.mp4 MPH-IND_00037 PA.F.1
pa-database/Face/PA.F.1/1_6_00038_f_01_01_p_1.mp4 MPH-IND_00038 PA.F.1
pa-database/Face/PA.F.1/1_6_00040_m_01_01_p_1.mp4 MPH-IND_00040 PA.F.1
pa-database/Face/PA.F.1/1_6_00043_m_01_01_p_1.mp4 MPH-IND_00043 PA.F.1
pa-database/Face/PA.F.1/1_6_00044_m_01_01_p_1.mp4 MPH-IND_00044 PA.F.1
pa-database/Face/PA.F.1/1_6_00048_m_01_01_p_1.mp4 MPH-IND_00048 PA.F.1
pa-database/Face/PA.F.1/1_6_00049_m_01_01_p_1.mp4 MPH-IND_00049 PA.F.1