pa-database/Face/PA.F.1/1_1_00002_m_01_01_p_1.mp4 NTNU_00002 PA.F.1
pa-database/Face/PA.F.1/1_1_00005_f_01_01_p_1.mp4 NTNU_00005 PA.F.1
pa-database/Face/PA.F.1/1_1_00006_m_01_01_p_1.mp4 NTNU_00006 PA.F.1
pa-database/Face/PA.F.1/1_1_00007_f_01_01_p_1.mp4 NTNU_00007 PA.F.1
pa-database/Face/PA.F.1/1_1_00008_m_01_01_p_1.mp4 NTNU_00008 PA.F.1
pa-database/Face/PA.F.1/1_1_00011_m_01_01_p_1.mp4 NTNU_00011 PA.F.1
pa-database/Face/PA.F.1/1_1_00012_m_01_01_p_1.mp4 NTNU_00012 PA.F.1
pa-database/Face/PA.F.1/1_1_00016_m_01_01_p_1.mp4 NTNU_00016 PA.F.1
pa-database/Face/PA.F.1/1_1_00017_f_01_01_p_1.mp4 NTNU_00017 PA.F.1
pa-database/Face/PA.F.1/1_1_00018_f_01_01_p_1.mp4 NTNU_00018 PA.F.1
pa-database/Face/PA.F.1/1_1_00019_m_01_01_p_1.mp4 NTNU_00019 PA.F.1
pa-database/Face/PA.F.1/1_1_00021_m_01_01_p_1.mp4 NTNU_00021 PA.F.1
pa-database/Face/PA.F.1/1_1_00023_m_01_01_p_1.mp4 NTNU_00023 PA.F.1
pa-database/Face/PA.F.1/1_1_00024_m_01_01_p_1.mp4 NTNU_00024 PA.F.1
pa-database/Face/PA.F.1/1_1_00025_m_01_01_p_1.mp4 NTNU_00025 PA.F.1
pa-database/Face/PA.F.1/1_1_00027_m_01_01_p_1.mp4 NTNU_00027 PA.F.1
pa-database/Face/PA.F.1/1_1_00029_m_01_01_p_1.mp4 NTNU_00029 PA.F.1
pa-database/Face/PA.F.1/1_1_00032_m_01_01_p_1.mp4 NTNU_00032 PA.F.1
pa-database/Face/PA.F.1/1_1_00033_f_01_01_p_1.mp4 NTNU_00033 PA.F.1
pa-database/Face/PA.F.1/1_1_00034_m_01_01_p_1.mp4 NTNU_00034 PA.F.1
pa-database/Face/PA.F.1/1_1_00037_f_01_01_p_1.mp4 NTNU_00037 PA.F.1
pa-database/Face/PA.F.1/1_1_00038_f_01_01_p_1.mp4 NTNU_00038 PA.F.1
pa-database/Face/PA.F.1/1_1_00041_m_01_01_p_1.mp4 NTNU_00041 PA.F.1
pa-database/Face/PA.F.1/1_1_00042_f_01_01_p_1.mp4 NTNU_00042 PA.F.1
pa-database/Face/PA.F.1/1_1_00044_m_01_01_p_1.mp4 NTNU_00044 PA.F.1
pa-database/Face/PA.F.1/1_1_00045_m_01_01_p_1.mp4 NTNU_00045 PA.F.1
pa-database/Face/PA.F.1/1_1_00046_m_01_01_p_1.mp4 NTNU_00046 PA.F.1
pa-database/Face/PA.F.1/1_1_00051_m_01_01_p_1.mp4 NTNU_00051 PA.F.1
pa-database/Face/PA.F.1/1_1_00054_m_01_01_p_1.mp4 NTNU_00054 PA.F.1
pa-database/Face/PA.F.1/1_3_00002_m_01_01_p_1.mp4 MPH-FRA_00002 PA.F.1
pa-database/Face/PA.F.1/1_3_00006_m_01_01_p_1.mp4 MPH-FRA_00006 PA.F.1
pa-database/Face/PA.F.1/1_3_00007_m_01_01_p_1.mp4 MPH-FRA_00007 PA.F.1
pa-database/Face/PA.F.1/1_4_00002_f_01_01_p_1.mp4 IDIAP_00002 PA.F.1
pa-database/Face/PA.F.1/1_4_00006_m_01_01_p_1.mp4 IDIAP_00006 PA.F.1
pa-database/Face/PA.F.1/1_4_00010_m_01_01_p_1.mp4 IDIAP_00010 PA.F.1
pa-database/Face/PA.F.1/1_4_00011_m_01_01_p_1.mp4 IDIAP_00011 PA.F.1
pa-database/Face/PA.F.1/1_4_00016_m_01_01_p_1.mp4 IDIAP_00016 PA.F.1
pa-database/Face/PA.F.1/1_4_00018_f_01_01_p_1.mp4 IDIAP_00018 PA.F.1
pa-database/Face/PA.F.1/1_4_00019_m_01_01_p_1.mp4 IDIAP_00019 PA.F.1
pa-database/Face/PA.F.1/1_4_00020_m_01_01_p_1.mp4 IDIAP_00020 PA.F.1
pa-database/Face/PA.F.1/1_4_00022_f_01_01_p_1.mp4 IDIAP_00022 PA.F.1
pa-database/Face/PA.F.1/1_4_00024_m_01_01_p_1.mp4 IDIAP_00024 PA.F.1
pa-database/Face/PA.F.1/1_4_00026_m_01_01_p_1.mp4 IDIAP_00026 PA.F.1
pa-database/Face/PA.F.1/1_4_00027_m_01_01_p_1.mp4 IDIAP_00027 PA.F.1
pa-database/Face/PA.F.1/1_4_00028_m_01_01_p_1.mp4 IDIAP_00028 PA.F.1
pa-database/Face/PA.F.1/1_4_00034_m_01_01_p_1.mp4 IDIAP_00034 PA.F.1
pa-database/Face/PA.F.1/1_4_00035_m_01_01_p_1.mp4 IDIAP_00035 PA.F.1
pa-database/Face/PA.F.1/1_4_00038_f_01_01_p_1.mp4 IDIAP_00038 PA.F.1
pa-database/Face/PA.F.1/1_4_00041_m_01_01_p_1.mp4 IDIAP_00041 PA.F.1
pa-database/Face/PA.F.1/1_4_00042_f_01_01_p_1.mp4 IDIAP_00042 PA.F.1
pa-database/Face/PA.F.1/1_4_00046_f_01_01_p_1.mp4 IDIAP_00046 PA.F.1
pa-database/Face/PA.F.1/1_4_00047_m_01_01_p_1.mp4 IDIAP_00047 PA.F.1
pa-database/Face/PA.F.1/1_4_00050_f_01_01_p_1.mp4 IDIAP_00050 PA.F.1
pa-database/Face/PA.F.1/1_4_00052_f_01_01_p_1.mp4 IDIAP_00052 PA.F.1
pa-database/Face/PA.F.1/1_4_00055_m_01_01_p_1.mp4 IDIAP_00055 PA.F.1
pa-database/Face/PA.F.1/1_4_00058_f_01_01_p_1.mp4 IDIAP_00058 PA.F.1
pa-database/Face/PA.F.1/1_4_00059_m_01_01_p_1.mp4 IDIAP_00059 PA.F.1
pa-database/Face/PA.F.1/1_6_00011_m_01_01_p_1.mp4 MPH-IND_00011 PA.F.1
pa-database/Face/PA.F.1/1_6_00013_m_01_01_p_1.mp4 MPH-IND_00013 PA.F.1
pa-database/Face/PA.F.1/1_6_00014_m_01_01_p_1.mp4 MPH-IND_00014 PA.F.1
pa-database/Face/PA.F.1/1_6_00015_f_01_01_p_1.mp4 MPH-IND_00015 PA.F.1
pa-database/Face/PA.F.1/1_6_00017_m_01_01_p_1.mp4 MPH-IND_00017 PA.F.1
pa-database/Face/PA.F.1/1_6_00018_f_01_01_p_1.mp4 MPH-IND_00018 PA.F.1
pa-database/Face/PA.F.1/1_6_00020_m_01_01_p_1.mp4 MPH-IND_00020 PA.F.1
pa-database/Face/PA.F.1/1_6_00023_f_01_01_p_1.mp4 MPH-IND_00023 PA.F.1
pa-database/Face/PA.F.1/1_6_00028_m_01_01_p_1.mp4 MPH-IND_00028 PA.F.1
pa-database/Face/PA.F.1/1_6_00032_f_01_01_p_1.mp4 MPH-IND_00032 PA.F.1
pa-database/Face/PA.F.1/1_6_00034_f_01_01_p_1.mp4 MPH-IND_00034 PA.F.1
pa-database/Face/PA.F.1/1_6_00040_m_01_01_p_1.mp4 MPH-IND_00040 PA.F.1
pa-database/Face/PA.F.1/1_6_00041_m_01_01_p_1.mp4 MPH-IND_00041 PA.F.1
pa-database/Face/PA.F.1/1_6_00042_f_01_01_p_1.mp4 MPH-IND_00042 PA.F.1
pa-database/Face/PA.F.1/1_6_00046_m_01_01_p_1.mp4 MPH-IND_00046 PA.F.1
pa-database/Face/PA.F.1/1_6_00047_m_01_01_p_1.mp4 MPH-IND_00047 PA.F.1
pa-database/Face/PA.F.1/1_6_00050_f_01_01_p_1.mp4 MPH-IND_00050 PA.F.1
pa-database/Face/PA.F.1/1_6_00051_m_01_01_p_1.mp4 MPH-IND_00051 PA.F.1
pa-database/Face/PA.F.1/1_6_00055_m_01_01_p_1.mp4 MPH-IND_00055 PA.F.1