pa-database/Face/PA.F.1/1_00001_m_01_01_p_1.mp4 NTNU_00001 PA.F.1
pa-database/Face/PA.F.1/1_00002_m_01_01_p_1.mp4 NTNU_00002 PA.F.1
pa-database/Face/PA.F.1/1_00003_m_01_01_p_1.mp4 NTNU_00003 PA.F.1
pa-database/Face/PA.F.1/1_00004_m_01_01_p_1.mp4 NTNU_00004 PA.F.1
pa-database/Face/PA.F.1/1_00008_m_01_01_p_1.mp4 NTNU_00008 PA.F.1
pa-database/Face/PA.F.1/1_00010_m_01_01_p_1.mp4 NTNU_00010 PA.F.1
pa-database/Face/PA.F.1/1_00012_m_01_01_p_1.mp4 NTNU_00012 PA.F.1
pa-database/Face/PA.F.1/1_00014_m_01_01_p_1.mp4 NTNU_00014 PA.F.1
pa-database/Face/PA.F.1/1_00016_m_01_01_p_1.mp4 NTNU_00016 PA.F.1
pa-database/Face/PA.F.1/1_00022_f_01_01_p_1.mp4 NTNU_00022 PA.F.1
pa-database/Face/PA.F.1/1_00025_m_01_01_p_1.mp4 NTNU_00025 PA.F.1
pa-database/Face/PA.F.1/1_00029_m_01_01_p_1.mp4 NTNU_00029 PA.F.1
pa-database/Face/PA.F.1/1_00030_m_01_01_p_1.mp4 NTNU_00030 PA.F.1
pa-database/Face/PA.F.1/1_00031_m_01_01_p_1.mp4 NTNU_00031 PA.F.1
pa-database/Face/PA.F.1/1_00040_m_01_01_p_1.mp4 NTNU_00040 PA.F.1
pa-database/Face/PA.F.1/1_00041_m_01_01_p_1.mp4 NTNU_00041 PA.F.1
pa-database/Face/PA.F.1/1_00045_m_01_01_p_1.mp4 NTNU_00045 PA.F.1
pa-database/Face/PA.F.1/1_00047_m_01_01_p_1.mp4 NTNU_00047 PA.F.1
pa-database/Face/PA.F.1/1_00051_m_01_01_p_1.mp4 NTNU_00051 PA.F.1
pa-database/Face/PA.F.1/1_00052_f_01_01_p_1.mp4 NTNU_00052 PA.F.1
pa-database/Face/PA.F.1/1_00053_m_01_01_p_1.mp4 NTNU_00053 PA.F.1
pa-database/Face/PA.F.1/1_00054_m_01_01_p_1.mp4 NTNU_00054 PA.F.1
pa-database/Face/PA.F.1/3_00001_f_01_01_p_1.mp4 MPH-FRA_00001 PA.F.1
pa-database/Face/PA.F.1/3_00005_m_01_01_p_1.mp4 MPH-FRA_00005 PA.F.1
pa-database/Face/PA.F.1/3_00006_m_01_01_p_1.mp4 MPH-FRA_00006 PA.F.1
pa-database/Face/PA.F.1/3_00007_m_01_01_p_1.mp4 MPH-FRA_00007 PA.F.1
pa-database/Face/PA.F.1/4_00001_m_01_01_p_1.mp4 IDIAP_00001 PA.F.1
pa-database/Face/PA.F.1/4_00002_f_01_01_p_1.mp4 IDIAP_00002 PA.F.1
pa-database/Face/PA.F.1/4_00003_m_01_01_p_1.mp4 IDIAP_00003 PA.F.1
pa-database/Face/PA.F.1/4_00004_f_01_01_p_1.mp4 IDIAP_00004 PA.F.1
pa-database/Face/PA.F.1/4_00006_m_01_01_p_1.mp4 IDIAP_00006 PA.F.1
pa-database/Face/PA.F.1/4_00015_f_01_01_p_1.mp4 IDIAP_00015 PA.F.1
pa-database/Face/PA.F.1/4_00017_m_01_01_p_1.mp4 IDIAP_00017 PA.F.1
pa-database/Face/PA.F.1/4_00018_f_01_01_p_1.mp4 IDIAP_00018 PA.F.1
pa-database/Face/PA.F.1/4_00025_m_01_01_p_1.mp4 IDIAP_00025 PA.F.1
pa-database/Face/PA.F.1/4_00026_m_01_01_p_1.mp4 IDIAP_00026 PA.F.1
pa-database/Face/PA.F.1/4_00027_m_01_01_p_1.mp4 IDIAP_00027 PA.F.1
pa-database/Face/PA.F.1/4_00028_m_01_01_p_1.mp4 IDIAP_00028 PA.F.1
pa-database/Face/PA.F.1/4_00032_m_01_01_p_1.mp4 IDIAP_00032 PA.F.1
pa-database/Face/PA.F.1/4_00033_m_01_01_p_1.mp4 IDIAP_00033 PA.F.1
pa-database/Face/PA.F.1/4_00034_m_01_01_p_1.mp4 IDIAP_00034 PA.F.1
pa-database/Face/PA.F.1/4_00036_f_01_01_p_1.mp4 IDIAP_00036 PA.F.1
pa-database/Face/PA.F.1/4_00040_m_01_01_p_1.mp4 IDIAP_00040 PA.F.1
pa-database/Face/PA.F.1/4_00042_f_01_01_p_1.mp4 IDIAP_00042 PA.F.1
pa-database/Face/PA.F.1/4_00046_f_01_01_p_1.mp4 IDIAP_00046 PA.F.1
pa-database/Face/PA.F.1/4_00049_m_01_01_p_1.mp4 IDIAP_00049 PA.F.1
pa-database/Face/PA.F.1/4_00050_f_01_01_p_1.mp4 IDIAP_00050 PA.F.1
pa-database/Face/PA.F.1/4_00051_f_01_01_p_1.mp4 IDIAP_00051 PA.F.1
pa-database/Face/PA.F.1/4_00055_m_01_01_p_1.mp4 IDIAP_00055 PA.F.1
pa-database/Face/PA.F.1/4_00058_f_01_01_p_1.mp4 IDIAP_00058 PA.F.1
pa-database/Face/PA.F.1/4_00059_m_01_01_p_1.mp4 IDIAP_00059 PA.F.1
pa-database/Face/PA.F.1/4_00060_f_01_01_p_1.mp4 IDIAP_00060 PA.F.1
pa-database/Face/PA.F.1/6_00008_m_01_01_p_1.mp4 MPH-IND_00008 PA.F.1
pa-database/Face/PA.F.1/6_00009_f_01_01_p_1.mp4 MPH-IND_00009 PA.F.1
pa-database/Face/PA.F.1/6_00011_m_01_01_p_1.mp4 MPH-IND_00011 PA.F.1
pa-database/Face/PA.F.1/6_00012_f_01_01_p_1.mp4 MPH-IND_00012 PA.F.1
pa-database/Face/PA.F.1/6_00014_m_01_01_p_1.mp4 MPH-IND_00014 PA.F.1
pa-database/Face/PA.F.1/6_00016_m_01_01_p_1.mp4 MPH-IND_00016 PA.F.1
pa-database/Face/PA.F.1/6_00018_f_01_01_p_1.mp4 MPH-IND_00018 PA.F.1
pa-database/Face/PA.F.1/6_00020_m_01_01_p_1.mp4 MPH-IND_00020 PA.F.1
pa-database/Face/PA.F.1/6_00025_f_01_01_p_1.mp4 MPH-IND_00025 PA.F.1
pa-database/Face/PA.F.1/6_00026_m_01_01_p_1.mp4 MPH-IND_00026 PA.F.1
pa-database/Face/PA.F.1/6_00028_m_01_01_p_1.mp4 MPH-IND_00028 PA.F.1
pa-database/Face/PA.F.1/6_00030_m_01_01_p_1.mp4 MPH-IND_00030 PA.F.1
pa-database/Face/PA.F.1/6_00032_f_01_01_p_1.mp4 MPH-IND_00032 PA.F.1
pa-database/Face/PA.F.1/6_00033_f_01_01_p_1.mp4 MPH-IND_00033 PA.F.1
pa-database/Face/PA.F.1/6_00034_f_01_01_p_1.mp4 MPH-IND_00034 PA.F.1
pa-database/Face/PA.F.1/6_00037_f_01_01_p_1.mp4 MPH-IND_00037 PA.F.1
pa-database/Face/PA.F.1/6_00042_f_01_01_p_1.mp4 MPH-IND_00042 PA.F.1
pa-database/Face/PA.F.1/6_00044_m_01_01_p_1.mp4 MPH-IND_00044 PA.F.1
pa-database/Face/PA.F.1/6_00045_f_01_01_p_1.mp4 MPH-IND_00045 PA.F.1
pa-database/Face/PA.F.1/6_00046_m_01_01_p_1.mp4 MPH-IND_00046 PA.F.1
pa-database/Face/PA.F.1/6_00047_m_01_01_p_1.mp4 MPH-IND_00047 PA.F.1
pa-database/Face/PA.F.1/6_00048_m_01_01_p_1.mp4 MPH-IND_00048 PA.F.1
pa-database/Face/PA.F.1/6_00051_m_01_01_p_1.mp4 MPH-IND_00051 PA.F.1