pa-database/Face/PA.F.1/1_1_00002_m_01_01_p_1.mp4 NTNU_00002 PA.F.1
pa-database/Face/PA.F.1/1_1_00003_m_01_01_p_1.mp4 NTNU_00003 PA.F.1
pa-database/Face/PA.F.1/1_1_00005_f_01_01_p_1.mp4 NTNU_00005 PA.F.1
pa-database/Face/PA.F.1/1_1_00006_m_01_01_p_1.mp4 NTNU_00006 PA.F.1
pa-database/Face/PA.F.1/1_1_00007_f_01_01_p_1.mp4 NTNU_00007 PA.F.1
pa-database/Face/PA.F.1/1_1_00010_m_01_01_p_1.mp4 NTNU_00010 PA.F.1
pa-database/Face/PA.F.1/1_1_00011_m_01_01_p_1.mp4 NTNU_00011 PA.F.1
pa-database/Face/PA.F.1/1_1_00012_m_01_01_p_1.mp4 NTNU_00012 PA.F.1
pa-database/Face/PA.F.1/1_1_00015_m_01_01_p_1.mp4 NTNU_00015 PA.F.1
pa-database/Face/PA.F.1/1_1_00018_f_01_01_p_1.mp4 NTNU_00018 PA.F.1
pa-database/Face/PA.F.1/1_1_00021_m_01_01_p_1.mp4 NTNU_00021 PA.F.1
pa-database/Face/PA.F.1/1_1_00022_f_01_01_p_1.mp4 NTNU_00022 PA.F.1
pa-database/Face/PA.F.1/1_1_00023_m_01_01_p_1.mp4 NTNU_00023 PA.F.1
pa-database/Face/PA.F.1/1_1_00025_m_01_01_p_1.mp4 NTNU_00025 PA.F.1
pa-database/Face/PA.F.1/1_1_00027_m_01_01_p_1.mp4 NTNU_00027 PA.F.1
pa-database/Face/PA.F.1/1_1_00029_m_01_01_p_1.mp4 NTNU_00029 PA.F.1
pa-database/Face/PA.F.1/1_1_00031_m_01_01_p_1.mp4 NTNU_00031 PA.F.1
pa-database/Face/PA.F.1/1_1_00032_m_01_01_p_1.mp4 NTNU_00032 PA.F.1
pa-database/Face/PA.F.1/1_1_00033_f_01_01_p_1.mp4 NTNU_00033 PA.F.1
pa-database/Face/PA.F.1/1_1_00034_m_01_01_p_1.mp4 NTNU_00034 PA.F.1
pa-database/Face/PA.F.1/1_1_00036_f_01_01_p_1.mp4 NTNU_00036 PA.F.1
pa-database/Face/PA.F.1/1_1_00041_m_01_01_p_1.mp4 NTNU_00041 PA.F.1
pa-database/Face/PA.F.1/1_1_00042_f_01_01_p_1.mp4 NTNU_00042 PA.F.1
pa-database/Face/PA.F.1/1_1_00043_f_01_01_p_1.mp4 NTNU_00043 PA.F.1
pa-database/Face/PA.F.1/1_1_00044_m_01_01_p_1.mp4 NTNU_00044 PA.F.1
pa-database/Face/PA.F.1/1_1_00046_m_01_01_p_1.mp4 NTNU_00046 PA.F.1
pa-database/Face/PA.F.1/1_1_00052_f_01_01_p_1.mp4 NTNU_00052 PA.F.1
pa-database/Face/PA.F.1/1_1_00053_m_01_01_p_1.mp4 NTNU_00053 PA.F.1
pa-database/Face/PA.F.1/1_3_00001_f_01_01_p_1.mp4 MPH-FRA_00001 PA.F.1
pa-database/Face/PA.F.1/1_3_00003_f_01_01_p_1.mp4 MPH-FRA_00003 PA.F.1
pa-database/Face/PA.F.1/1_3_00005_m_01_01_p_1.mp4 MPH-FRA_00005 PA.F.1
pa-database/Face/PA.F.1/1_3_00006_m_01_01_p_1.mp4 MPH-FRA_00006 PA.F.1
pa-database/Face/PA.F.1/1_3_00007_m_01_01_p_1.mp4 MPH-FRA_00007 PA.F.1
pa-database/Face/PA.F.1/1_4_00005_m_01_01_p_1.mp4 IDIAP_00005 PA.F.1
pa-database/Face/PA.F.1/1_4_00006_m_01_01_p_1.mp4 IDIAP_00006 PA.F.1
pa-database/Face/PA.F.1/1_4_00010_m_01_01_p_1.mp4 IDIAP_00010 PA.F.1
pa-database/Face/PA.F.1/1_4_00011_m_01_01_p_1.mp4 IDIAP_00011 PA.F.1
pa-database/Face/PA.F.1/1_4_00014_f_01_01_p_1.mp4 IDIAP_00014 PA.F.1
pa-database/Face/PA.F.1/1_4_00021_f_01_01_p_1.mp4 IDIAP_00021 PA.F.1
pa-database/Face/PA.F.1/1_4_00022_f_01_01_p_1.mp4 IDIAP_00022 PA.F.1
pa-database/Face/PA.F.1/1_4_00027_m_01_01_p_1.mp4 IDIAP_00027 PA.F.1
pa-database/Face/PA.F.1/1_4_00030_m_01_01_p_1.mp4 IDIAP_00030 PA.F.1
pa-database/Face/PA.F.1/1_4_00032_m_01_01_p_1.mp4 IDIAP_00032 PA.F.1
pa-database/Face/PA.F.1/1_4_00035_m_01_01_p_1.mp4 IDIAP_00035 PA.F.1
pa-database/Face/PA.F.1/1_4_00036_f_01_01_p_1.mp4 IDIAP_00036 PA.F.1
pa-database/Face/PA.F.1/1_4_00040_m_01_01_p_1.mp4 IDIAP_00040 PA.F.1
pa-database/Face/PA.F.1/1_4_00042_f_01_01_p_1.mp4 IDIAP_00042 PA.F.1
pa-database/Face/PA.F.1/1_4_00046_f_01_01_p_1.mp4 IDIAP_00046 PA.F.1
pa-database/Face/PA.F.1/1_4_00050_f_01_01_p_1.mp4 IDIAP_00050 PA.F.1
pa-database/Face/PA.F.1/1_4_00052_f_01_01_p_1.mp4 IDIAP_00052 PA.F.1
pa-database/Face/PA.F.1/1_4_00054_f_01_01_p_1.mp4 IDIAP_00054 PA.F.1
pa-database/Face/PA.F.1/1_4_00058_f_01_01_p_1.mp4 IDIAP_00058 PA.F.1
pa-database/Face/PA.F.1/1_6_00004_f_01_01_p_1.mp4 MPH-IND_00004 PA.F.1
pa-database/Face/PA.F.1/1_6_00005_m_01_01_p_1.mp4 MPH-IND_00005 PA.F.1
pa-database/Face/PA.F.1/1_6_00007_m_01_01_p_1.mp4 MPH-IND_00007 PA.F.1
pa-database/Face/PA.F.1/1_6_00009_f_01_01_p_1.mp4 MPH-IND_00009 PA.F.1
pa-database/Face/PA.F.1/1_6_00010_m_01_01_p_1.mp4 MPH-IND_00010 PA.F.1
pa-database/Face/PA.F.1/1_6_00016_m_01_01_p_1.mp4 MPH-IND_00016 PA.F.1
pa-database/Face/PA.F.1/1_6_00017_m_01_01_p_1.mp4 MPH-IND_00017 PA.F.1
pa-database/Face/PA.F.1/1_6_00018_f_01_01_p_1.mp4 MPH-IND_00018 PA.F.1
pa-database/Face/PA.F.1/1_6_00020_m_01_01_p_1.mp4 MPH-IND_00020 PA.F.1
pa-database/Face/PA.F.1/1_6_00023_f_01_01_p_1.mp4 MPH-IND_00023 PA.F.1
pa-database/Face/PA.F.1/1_6_00025_f_01_01_p_1.mp4 MPH-IND_00025 PA.F.1
pa-database/Face/PA.F.1/1_6_00030_m_01_01_p_1.mp4 MPH-IND_00030 PA.F.1
pa-database/Face/PA.F.1/1_6_00031_m_01_01_p_1.mp4 MPH-IND_00031 PA.F.1
pa-database/Face/PA.F.1/1_6_00032_f_01_01_p_1.mp4 MPH-IND_00032 PA.F.1
pa-database/Face/PA.F.1/1_6_00033_f_01_01_p_1.mp4 MPH-IND_00033 PA.F.1
pa-database/Face/PA.F.1/1_6_00034_f_01_01_p_1.mp4 MPH-IND_00034 PA.F.1
pa-database/Face/PA.F.1/1_6_00036_m_01_01_p_1.mp4 MPH-IND_00036 PA.F.1
pa-database/Face/PA.F.1/1_6_00040_m_01_01_p_1.mp4 MPH-IND_00040 PA.F.1
pa-database/Face/PA.F.1/1_6_00041_m_01_01_p_1.mp4 MPH-IND_00041 PA.F.1
pa-database/Face/PA.F.1/1_6_00043_m_01_01_p_1.mp4 MPH-IND_00043 PA.F.1
pa-database/Face/PA.F.1/1_6_00045_f_01_01_p_1.mp4 MPH-IND_00045 PA.F.1
pa-database/Face/PA.F.1/1_6_00047_m_01_01_p_1.mp4 MPH-IND_00047 PA.F.1
pa-database/Face/PA.F.1/1_6_00048_m_01_01_p_1.mp4 MPH-IND_00048 PA.F.1
pa-database/Face/PA.F.1/1_6_00055_m_01_01_p_1.mp4 MPH-IND_00055 PA.F.1